{"meta": {"format": 3, "version": "7.14.1", "timestamp": "2026-05-27T07:18:19.036851", "branch_coverage": false, "show_contexts": false}, "files": {"eosim/__init__.py": {"executed_lines": [4], "summary": {"covered_lines": 1, "num_statements": 1, "percent_covered": 100.0, "percent_covered_display": "100", "missing_lines": 0, "excluded_lines": 0, "percent_statements_covered": 100.0, "percent_statements_covered_display": "100"}, "missing_lines": [], "excluded_lines": [], "functions": {"": {"executed_lines": [4], "summary": {"covered_lines": 1, "num_statements": 1, "percent_covered": 100.0, "percent_covered_display": "100", "missing_lines": 0, "excluded_lines": 0, "percent_statements_covered": 100.0, "percent_statements_covered_display": "100"}, "missing_lines": [], "excluded_lines": [], "start_line": 1}}, "classes": {"": {"executed_lines": [4], "summary": {"covered_lines": 1, "num_statements": 1, "percent_covered": 100.0, "percent_covered_display": "100", "missing_lines": 0, "excluded_lines": 0, "percent_statements_covered": 100.0, "percent_statements_covered_display": "100"}, "missing_lines": [], "excluded_lines": [], "start_line": 1}}}, "eosim/__main__.py": {"executed_lines": [], "summary": {"covered_lines": 0, "num_statements": 1, "percent_covered": 0.0, "percent_covered_display": "0", "missing_lines": 1, "excluded_lines": 2, "percent_statements_covered": 0.0, "percent_statements_covered_display": "0"}, "missing_lines": [3], "excluded_lines": [5, 6], "functions": {"": {"executed_lines": [], "summary": {"covered_lines": 0, "num_statements": 1, "percent_covered": 0.0, "percent_covered_display": "0", "missing_lines": 1, "excluded_lines": 2, "percent_statements_covered": 0.0, "percent_statements_covered_display": "0"}, "missing_lines": [3], "excluded_lines": [5, 6], "start_line": 1}}, "classes": {"": {"executed_lines": [], "summary": {"covered_lines": 0, "num_statements": 1, "percent_covered": 0.0, "percent_covered_display": "0", "missing_lines": 1, "excluded_lines": 2, "percent_statements_covered": 0.0, "percent_statements_covered_display": "0"}, "missing_lines": [3], "excluded_lines": [5, 6], "start_line": 1}}}, "eosim/analysis/__init__.py": {"executed_lines": [], "summary": {"covered_lines": 0, "num_statements": 0, "percent_covered": 100.0, "percent_covered_display": "100", "missing_lines": 0, "excluded_lines": 0, "percent_statements_covered": 100.0, "percent_statements_covered_display": "100"}, "missing_lines": [], "excluded_lines": [], "functions": {"": {"executed_lines": [], "summary": {"covered_lines": 0, "num_statements": 0, "percent_covered": 100.0, "percent_covered_display": "100", "missing_lines": 0, "excluded_lines": 0, "percent_statements_covered": 100.0, "percent_statements_covered_display": "100"}, "missing_lines": [], "excluded_lines": [], "start_line": 1}}, "classes": {"": {"executed_lines": [], "summary": {"covered_lines": 0, "num_statements": 0, "percent_covered": 100.0, "percent_covered_display": "100", "missing_lines": 0, "excluded_lines": 0, "percent_statements_covered": 100.0, "percent_statements_covered_display": "100"}, "missing_lines": [], "excluded_lines": [], "start_line": 1}}}, "eosim/analysis/power.py": {"executed_lines": [4, 7, 8, 9, 10, 11, 12, 13, 14, 17, 20, 21, 22, 24, 25, 27, 28, 29, 31, 32, 37, 38, 39, 40, 41, 43, 44, 45, 47, 48, 50], "summary": {"covered_lines": 31, "num_statements": 37, "percent_covered": 83.78378378378379, "percent_covered_display": "84", "missing_lines": 6, "excluded_lines": 0, "percent_statements_covered": 83.78378378378379, "percent_statements_covered_display": "84"}, "missing_lines": [30, 33, 34, 36, 46, 49], "excluded_lines": [], "functions": {"PowerAnalyzer.__init__": {"executed_lines": [21, 22], "summary": {"covered_lines": 2, "num_statements": 2, "percent_covered": 100.0, "percent_covered_display": "100", "missing_lines": 0, "excluded_lines": 0, "percent_statements_covered": 100.0, "percent_statements_covered_display": "100"}, "missing_lines": [], "excluded_lines": [], "start_line": 20}, "PowerAnalyzer.add_profile": {"executed_lines": [25], "summary": {"covered_lines": 1, "num_statements": 1, "percent_covered": 100.0, "percent_covered_display": "100", "missing_lines": 0, "excluded_lines": 0, "percent_statements_covered": 100.0, "percent_statements_covered_display": "100"}, "missing_lines": [], "excluded_lines": [], "start_line": 24}, "PowerAnalyzer.measure": {"executed_lines": [28, 29, 31, 32, 37, 38, 39, 40, 41], "summary": {"covered_lines": 9, "num_statements": 13, "percent_covered": 69.23076923076923, "percent_covered_display": "69", "missing_lines": 4, "excluded_lines": 0, "percent_statements_covered": 69.23076923076923, "percent_statements_covered_display": "69"}, "missing_lines": [30, 33, 34, 36], "excluded_lines": [], "start_line": 27}, "PowerAnalyzer.estimate_battery_life": {"executed_lines": [44, 45, 47, 48, 50], "summary": {"covered_lines": 5, "num_statements": 7, "percent_covered": 71.42857142857143, "percent_covered_display": "71", "missing_lines": 2, "excluded_lines": 0, "percent_statements_covered": 71.42857142857143, "percent_statements_covered_display": "71"}, "missing_lines": [46, 49], "excluded_lines": [], "start_line": 43}, "": {"executed_lines": [4, 7, 8, 9, 10, 11, 12, 13, 14, 17, 20, 24, 27, 43], "summary": {"covered_lines": 14, "num_statements": 14, "percent_covered": 100.0, "percent_covered_display": "100", "missing_lines": 0, "excluded_lines": 0, "percent_statements_covered": 100.0, "percent_statements_covered_display": "100"}, "missing_lines": [], "excluded_lines": [], "start_line": 1}}, "classes": {"PowerProfile": {"executed_lines": [], "summary": {"covered_lines": 0, "num_statements": 0, "percent_covered": 100.0, "percent_covered_display": "100", "missing_lines": 0, "excluded_lines": 0, "percent_statements_covered": 100.0, "percent_statements_covered_display": "100"}, "missing_lines": [], "excluded_lines": [], "start_line": 8}, "PowerAnalyzer": {"executed_lines": [21, 22, 25, 28, 29, 31, 32, 37, 38, 39, 40, 41, 44, 45, 47, 48, 50], "summary": {"covered_lines": 17, "num_statements": 23, "percent_covered": 73.91304347826087, "percent_covered_display": "74", "missing_lines": 6, "excluded_lines": 0, "percent_statements_covered": 73.91304347826087, "percent_statements_covered_display": "74"}, "missing_lines": [30, 33, 34, 36, 46, 49], "excluded_lines": [], "start_line": 17}, "": {"executed_lines": [4, 7, 8, 9, 10, 11, 12, 13, 14, 17, 20, 24, 27, 43], "summary": {"covered_lines": 14, "num_statements": 14, "percent_covered": 100.0, "percent_covered_display": "100", "missing_lines": 0, "excluded_lines": 0, "percent_statements_covered": 100.0, "percent_statements_covered_display": "100"}, "missing_lines": [], "excluded_lines": [], "start_line": 1}}}, "eosim/analysis/safety.py": {"executed_lines": [4, 7, 8, 9, 10, 11, 12, 13, 16, 19, 20, 22, 23, 25, 26, 27, 28, 29, 32, 33, 35, 36, 38, 39], "summary": {"covered_lines": 24, "num_statements": 26, "percent_covered": 92.3076923076923, "percent_covered_display": "92", "missing_lines": 2, "excluded_lines": 0, "percent_statements_covered": 92.3076923076923, "percent_statements_covered_display": "92"}, "missing_lines": [30, 34], "excluded_lines": [], "functions": {"SafetyAnalyzer.__init__": {"executed_lines": [20], "summary": {"covered_lines": 1, "num_statements": 1, "percent_covered": 100.0, "percent_covered_display": "100", "missing_lines": 0, "excluded_lines": 0, "percent_statements_covered": 100.0, "percent_statements_covered_display": "100"}, "missing_lines": [], "excluded_lines": [], "start_line": 19}, "SafetyAnalyzer.add_requirement": {"executed_lines": [23], "summary": {"covered_lines": 1, "num_statements": 1, "percent_covered": 100.0, "percent_covered_display": "100", "missing_lines": 0, "excluded_lines": 0, "percent_statements_covered": 100.0, "percent_statements_covered_display": "100"}, "missing_lines": [], "excluded_lines": [], "start_line": 22}, "SafetyAnalyzer.verify": {"executed_lines": [26, 27, 28, 29], "summary": {"covered_lines": 4, "num_statements": 5, "percent_covered": 80.0, "percent_covered_display": "80", "missing_lines": 1, "excluded_lines": 0, "percent_statements_covered": 80.0, "percent_statements_covered_display": "80"}, "missing_lines": [30], "excluded_lines": [], "start_line": 25}, "SafetyAnalyzer.coverage": {"executed_lines": [33, 35, 36], "summary": {"covered_lines": 3, "num_statements": 4, "percent_covered": 75.0, "percent_covered_display": "75", "missing_lines": 1, "excluded_lines": 0, "percent_statements_covered": 75.0, "percent_statements_covered_display": "75"}, "missing_lines": [34], "excluded_lines": [], "start_line": 32}, "SafetyAnalyzer.report": {"executed_lines": [39], "summary": {"covered_lines": 1, "num_statements": 1, "percent_covered": 100.0, "percent_covered_display": "100", "missing_lines": 0, "excluded_lines": 0, "percent_statements_covered": 100.0, "percent_statements_covered_display": "100"}, "missing_lines": [], "excluded_lines": [], "start_line": 38}, "": {"executed_lines": [4, 7, 8, 9, 10, 11, 12, 13, 16, 19, 22, 25, 32, 38], "summary": {"covered_lines": 14, "num_statements": 14, "percent_covered": 100.0, "percent_covered_display": "100", "missing_lines": 0, "excluded_lines": 0, "percent_statements_covered": 100.0, "percent_statements_covered_display": "100"}, "missing_lines": [], "excluded_lines": [], "start_line": 1}}, "classes": {"SafetyRequirement": {"executed_lines": [], "summary": {"covered_lines": 0, "num_statements": 0, "percent_covered": 100.0, "percent_covered_display": "100", "missing_lines": 0, "excluded_lines": 0, "percent_statements_covered": 100.0, "percent_statements_covered_display": "100"}, "missing_lines": [], "excluded_lines": [], "start_line": 8}, "SafetyAnalyzer": {"executed_lines": [20, 23, 26, 27, 28, 29, 33, 35, 36, 39], "summary": {"covered_lines": 10, "num_statements": 12, "percent_covered": 83.33333333333333, "percent_covered_display": "83", "missing_lines": 2, "excluded_lines": 0, "percent_statements_covered": 83.33333333333333, "percent_statements_covered_display": "83"}, "missing_lines": [30, 34], "excluded_lines": [], "start_line": 16}, "": {"executed_lines": [4, 7, 8, 9, 10, 11, 12, 13, 16, 19, 22, 25, 32, 38], "summary": {"covered_lines": 14, "num_statements": 14, "percent_covered": 100.0, "percent_covered_display": "100", "missing_lines": 0, "excluded_lines": 0, "percent_statements_covered": 100.0, "percent_statements_covered_display": "100"}, "missing_lines": [], "excluded_lines": [], "start_line": 1}}}, "eosim/analysis/security.py": {"executed_lines": [4, 7, 8, 9, 10, 11, 12, 13, 14, 17, 20, 21, 23, 24, 26, 27, 28, 29, 30, 32, 33, 34, 35, 36, 37, 38, 39, 41, 42], "summary": {"covered_lines": 29, "num_statements": 29, "percent_covered": 100.0, "percent_covered_display": "100", "missing_lines": 0, "excluded_lines": 0, "percent_statements_covered": 100.0, "percent_statements_covered_display": "100"}, "missing_lines": [], "excluded_lines": [], "functions": {"SecurityAnalyzer.__init__": {"executed_lines": [21], "summary": {"covered_lines": 1, "num_statements": 1, "percent_covered": 100.0, "percent_covered_display": "100", "missing_lines": 0, "excluded_lines": 0, "percent_statements_covered": 100.0, "percent_statements_covered_display": "100"}, "missing_lines": [], "excluded_lines": [], "start_line": 20}, "SecurityAnalyzer.add_threat": {"executed_lines": [24], "summary": {"covered_lines": 1, "num_statements": 1, "percent_covered": 100.0, "percent_covered_display": "100", "missing_lines": 0, "excluded_lines": 0, "percent_statements_covered": 100.0, "percent_statements_covered_display": "100"}, "missing_lines": [], "excluded_lines": [], "start_line": 23}, "SecurityAnalyzer.mitigate": {"executed_lines": [27, 28, 29, 30], "summary": {"covered_lines": 4, "num_statements": 4, "percent_covered": 100.0, "percent_covered_display": "100", "missing_lines": 0, "excluded_lines": 0, "percent_statements_covered": 100.0, "percent_statements_covered_display": "100"}, "missing_lines": [], "excluded_lines": [], "start_line": 26}, "SecurityAnalyzer.risk_score": {"executed_lines": [33, 34, 35, 36, 37, 38, 39], "summary": {"covered_lines": 7, "num_statements": 7, "percent_covered": 100.0, "percent_covered_display": "100", "missing_lines": 0, "excluded_lines": 0, "percent_statements_covered": 100.0, "percent_statements_covered_display": "100"}, "missing_lines": [], "excluded_lines": [], "start_line": 32}, "SecurityAnalyzer.report": {"executed_lines": [42], "summary": {"covered_lines": 1, "num_statements": 1, "percent_covered": 100.0, "percent_covered_display": "100", "missing_lines": 0, "excluded_lines": 0, "percent_statements_covered": 100.0, "percent_statements_covered_display": "100"}, "missing_lines": [], "excluded_lines": [], "start_line": 41}, "": {"executed_lines": [4, 7, 8, 9, 10, 11, 12, 13, 14, 17, 20, 23, 26, 32, 41], "summary": {"covered_lines": 15, "num_statements": 15, "percent_covered": 100.0, "percent_covered_display": "100", "missing_lines": 0, "excluded_lines": 0, "percent_statements_covered": 100.0, "percent_statements_covered_display": "100"}, "missing_lines": [], "excluded_lines": [], "start_line": 1}}, "classes": {"ThreatModel": {"executed_lines": [], "summary": {"covered_lines": 0, "num_statements": 0, "percent_covered": 100.0, "percent_covered_display": "100", "missing_lines": 0, "excluded_lines": 0, "percent_statements_covered": 100.0, "percent_statements_covered_display": "100"}, "missing_lines": [], "excluded_lines": [], "start_line": 8}, "SecurityAnalyzer": {"executed_lines": [21, 24, 27, 28, 29, 30, 33, 34, 35, 36, 37, 38, 39, 42], "summary": {"covered_lines": 14, "num_statements": 14, "percent_covered": 100.0, "percent_covered_display": "100", "missing_lines": 0, "excluded_lines": 0, "percent_statements_covered": 100.0, "percent_statements_covered_display": "100"}, "missing_lines": [], "excluded_lines": [], "start_line": 17}, "": {"executed_lines": [4, 7, 8, 9, 10, 11, 12, 13, 14, 17, 20, 23, 26, 32, 41], "summary": {"covered_lines": 15, "num_statements": 15, "percent_covered": 100.0, "percent_covered_display": "100", "missing_lines": 0, "excluded_lines": 0, "percent_statements_covered": 100.0, "percent_statements_covered_display": "100"}, "missing_lines": [], "excluded_lines": [], "start_line": 1}}}, "eosim/analysis/thermal.py": {"executed_lines": [6, 9, 10, 11, 12, 13, 15, 16, 17, 18, 20, 21, 23], "summary": {"covered_lines": 13, "num_statements": 22, "percent_covered": 59.09090909090909, "percent_covered_display": "59", "missing_lines": 9, "excluded_lines": 0, "percent_statements_covered": 59.09090909090909, "percent_statements_covered_display": "59"}, "missing_lines": [24, 25, 26, 27, 28, 29, 30, 31, 32], "excluded_lines": [], "functions": {"ThermalModel.__init__": {"executed_lines": [10, 11, 12, 13], "summary": {"covered_lines": 4, "num_statements": 4, "percent_covered": 100.0, "percent_covered_display": "100", "missing_lines": 0, "excluded_lines": 0, "percent_statements_covered": 100.0, "percent_statements_covered_display": "100"}, "missing_lines": [], "excluded_lines": [], "start_line": 9}, "ThermalModel.step": {"executed_lines": [16, 17, 18], "summary": {"covered_lines": 3, "num_statements": 3, "percent_covered": 100.0, "percent_covered_display": "100", "missing_lines": 0, "excluded_lines": 0, "percent_statements_covered": 100.0, "percent_statements_covered_display": "100"}, "missing_lines": [], "excluded_lines": [], "start_line": 15}, "ThermalModel.steady_state": {"executed_lines": [21], "summary": {"covered_lines": 1, "num_statements": 1, "percent_covered": 100.0, "percent_covered_display": "100", "missing_lines": 0, "excluded_lines": 0, "percent_statements_covered": 100.0, "percent_statements_covered_display": "100"}, "missing_lines": [], "excluded_lines": [], "start_line": 20}, "ThermalModel.time_to_limit": {"executed_lines": [], "summary": {"covered_lines": 0, "num_statements": 9, "percent_covered": 0.0, "percent_covered_display": "0", "missing_lines": 9, "excluded_lines": 0, "percent_statements_covered": 0.0, "percent_statements_covered_display": "0"}, "missing_lines": [24, 25, 26, 27, 28, 29, 30, 31, 32], "excluded_lines": [], "start_line": 23}, "": {"executed_lines": [6, 9, 15, 20, 23], "summary": {"covered_lines": 5, "num_statements": 5, "percent_covered": 100.0, "percent_covered_display": "100", "missing_lines": 0, "excluded_lines": 0, "percent_statements_covered": 100.0, "percent_statements_covered_display": "100"}, "missing_lines": [], "excluded_lines": [], "start_line": 1}}, "classes": {"ThermalModel": {"executed_lines": [10, 11, 12, 13, 16, 17, 18, 21], "summary": {"covered_lines": 8, "num_statements": 17, "percent_covered": 47.05882352941177, "percent_covered_display": "47", "missing_lines": 9, "excluded_lines": 0, "percent_statements_covered": 47.05882352941177, "percent_statements_covered_display": "47"}, "missing_lines": [24, 25, 26, 27, 28, 29, 30, 31, 32], "excluded_lines": [], "start_line": 6}, "": {"executed_lines": [6, 9, 15, 20, 23], "summary": {"covered_lines": 5, "num_statements": 5, "percent_covered": 100.0, "percent_covered_display": "100", "missing_lines": 0, "excluded_lines": 0, "percent_statements_covered": 100.0, "percent_statements_covered_display": "100"}, "missing_lines": [], "excluded_lines": [], "start_line": 1}}}, "eosim/analysis/timing.py": {"executed_lines": [6, 9, 10, 11, 13, 14, 21, 22, 23, 24, 25, 26, 28, 29, 30, 32, 33, 35, 36], "summary": {"covered_lines": 19, "num_statements": 20, "percent_covered": 95.0, "percent_covered_display": "95", "missing_lines": 1, "excluded_lines": 0, "percent_statements_covered": 95.0, "percent_statements_covered_display": "95"}, "missing_lines": [31], "excluded_lines": [], "functions": {"WCETAnalyzer.__init__": {"executed_lines": [10, 11], "summary": {"covered_lines": 2, "num_statements": 2, "percent_covered": 100.0, "percent_covered_display": "100", "missing_lines": 0, "excluded_lines": 0, "percent_statements_covered": 100.0, "percent_statements_covered_display": "100"}, "missing_lines": [], "excluded_lines": [], "start_line": 9}, "WCETAnalyzer.add_task": {"executed_lines": [14], "summary": {"covered_lines": 1, "num_statements": 1, "percent_covered": 100.0, "percent_covered_display": "100", "missing_lines": 0, "excluded_lines": 0, "percent_statements_covered": 100.0, "percent_statements_covered_display": "100"}, "missing_lines": [], "excluded_lines": [], "start_line": 13}, "WCETAnalyzer.utilization": {"executed_lines": [22, 23, 24, 25, 26], "summary": {"covered_lines": 5, "num_statements": 5, "percent_covered": 100.0, "percent_covered_display": "100", "missing_lines": 0, "excluded_lines": 0, "percent_statements_covered": 100.0, "percent_statements_covered_display": "100"}, "missing_lines": [], "excluded_lines": [], "start_line": 21}, "WCETAnalyzer.schedulable": {"executed_lines": [29, 30, 32, 33], "summary": {"covered_lines": 4, "num_statements": 5, "percent_covered": 80.0, "percent_covered_display": "80", "missing_lines": 1, "excluded_lines": 0, "percent_statements_covered": 80.0, "percent_statements_covered_display": "80"}, "missing_lines": [31], "excluded_lines": [], "start_line": 28}, "WCETAnalyzer.report": {"executed_lines": [36], "summary": {"covered_lines": 1, "num_statements": 1, "percent_covered": 100.0, "percent_covered_display": "100", "missing_lines": 0, "excluded_lines": 0, "percent_statements_covered": 100.0, "percent_statements_covered_display": "100"}, "missing_lines": [], "excluded_lines": [], "start_line": 35}, "": {"executed_lines": [6, 9, 13, 21, 28, 35], "summary": {"covered_lines": 6, "num_statements": 6, "percent_covered": 100.0, "percent_covered_display": "100", "missing_lines": 0, "excluded_lines": 0, "percent_statements_covered": 100.0, "percent_statements_covered_display": "100"}, "missing_lines": [], "excluded_lines": [], "start_line": 1}}, "classes": {"WCETAnalyzer": {"executed_lines": [10, 11, 14, 22, 23, 24, 25, 26, 29, 30, 32, 33, 36], "summary": {"covered_lines": 13, "num_statements": 14, "percent_covered": 92.85714285714286, "percent_covered_display": "93", "missing_lines": 1, "excluded_lines": 0, "percent_statements_covered": 92.85714285714286, "percent_statements_covered_display": "93"}, "missing_lines": [31], "excluded_lines": [], "start_line": 6}, "": {"executed_lines": [6, 9, 13, 21, 28, 35], "summary": {"covered_lines": 6, "num_statements": 6, "percent_covered": 100.0, "percent_covered_display": "100", "missing_lines": 0, "excluded_lines": 0, "percent_statements_covered": 100.0, "percent_statements_covered_display": "100"}, "missing_lines": [], "excluded_lines": [], "start_line": 1}}}, "eosim/api/__init__.py": {"executed_lines": [], "summary": {"covered_lines": 0, "num_statements": 0, "percent_covered": 100.0, "percent_covered_display": "100", "missing_lines": 0, "excluded_lines": 0, "percent_statements_covered": 100.0, "percent_statements_covered_display": "100"}, "missing_lines": [], "excluded_lines": [], "functions": {"": {"executed_lines": [], "summary": {"covered_lines": 0, "num_statements": 0, "percent_covered": 100.0, "percent_covered_display": "100", "missing_lines": 0, "excluded_lines": 0, "percent_statements_covered": 100.0, "percent_statements_covered_display": "100"}, "missing_lines": [], "excluded_lines": [], "start_line": 1}}, "classes": {"": {"executed_lines": [], "summary": {"covered_lines": 0, "num_statements": 0, "percent_covered": 100.0, "percent_covered_display": "100", "missing_lines": 0, "excluded_lines": 0, "percent_statements_covered": 100.0, "percent_statements_covered_display": "100"}, "missing_lines": [], "excluded_lines": [], "start_line": 1}}}, "eosim/api/routes.py": {"executed_lines": [6, 9, 10, 16, 17, 21, 22, 26, 27, 31, 32, 35, 36, 42, 43, 50, 51], "summary": {"covered_lines": 17, "num_statements": 42, "percent_covered": 40.476190476190474, "percent_covered_display": "40", "missing_lines": 25, "excluded_lines": 0, "percent_statements_covered": 40.476190476190474, "percent_statements_covered_display": "40"}, "missing_lines": [11, 12, 13, 14, 18, 19, 23, 24, 28, 29, 33, 37, 38, 39, 40, 44, 45, 46, 47, 48, 52, 53, 54, 55, 56], "excluded_lines": [], "functions": {"register_routes": {"executed_lines": [9, 10, 16, 17, 21, 22, 26, 27, 31, 32, 35, 36, 42, 43, 50, 51], "summary": {"covered_lines": 16, "num_statements": 16, "percent_covered": 100.0, "percent_covered_display": "100", "missing_lines": 0, "excluded_lines": 0, "percent_statements_covered": 100.0, "percent_statements_covered_display": "100"}, "missing_lines": [], "excluded_lines": [], "start_line": 6}, "register_routes.list_platforms": {"executed_lines": [], "summary": {"covered_lines": 0, "num_statements": 4, "percent_covered": 0.0, "percent_covered_display": "0", "missing_lines": 4, "excluded_lines": 0, "percent_statements_covered": 0.0, "percent_statements_covered_display": "0"}, "missing_lines": [11, 12, 13, 14], "excluded_lines": [], "start_line": 10}, "register_routes.list_domains": {"executed_lines": [], "summary": {"covered_lines": 0, "num_statements": 2, "percent_covered": 0.0, "percent_covered_display": "0", "missing_lines": 2, "excluded_lines": 0, "percent_statements_covered": 0.0, "percent_statements_covered_display": "0"}, "missing_lines": [18, 19], "excluded_lines": [], "start_line": 17}, "register_routes.list_simulators": {"executed_lines": [], "summary": {"covered_lines": 0, "num_statements": 2, "percent_covered": 0.0, "percent_covered_display": "0", "missing_lines": 2, "excluded_lines": 0, "percent_statements_covered": 0.0, "percent_statements_covered_display": "0"}, "missing_lines": [23, 24], "excluded_lines": [], "start_line": 22}, "register_routes.list_templates": {"executed_lines": [], "summary": {"covered_lines": 0, "num_statements": 2, "percent_covered": 0.0, "percent_covered_display": "0", "missing_lines": 2, "excluded_lines": 0, "percent_statements_covered": 0.0, "percent_statements_covered_display": "0"}, "missing_lines": [28, 29], "excluded_lines": [], "start_line": 27}, "register_routes.list_simulations": {"executed_lines": [], "summary": {"covered_lines": 0, "num_statements": 1, "percent_covered": 0.0, "percent_covered_display": "0", "missing_lines": 1, "excluded_lines": 0, "percent_statements_covered": 0.0, "percent_statements_covered_display": "0"}, "missing_lines": [33], "excluded_lines": [], "start_line": 32}, "register_routes.get_simulation_state": {"executed_lines": [], "summary": {"covered_lines": 0, "num_statements": 4, "percent_covered": 0.0, "percent_covered_display": "0", "missing_lines": 4, "excluded_lines": 0, "percent_statements_covered": 0.0, "percent_statements_covered_display": "0"}, "missing_lines": [37, 38, 39, 40], "excluded_lines": [], "start_line": 36}, "register_routes.tick_simulation": {"executed_lines": [], "summary": {"covered_lines": 0, "num_statements": 5, "percent_covered": 0.0, "percent_covered_display": "0", "missing_lines": 5, "excluded_lines": 0, "percent_statements_covered": 0.0, "percent_statements_covered_display": "0"}, "missing_lines": [44, 45, 46, 47, 48], "excluded_lines": [], "start_line": 43}, "register_routes.reset_simulation": {"executed_lines": [], "summary": {"covered_lines": 0, "num_statements": 5, "percent_covered": 0.0, "percent_covered_display": "0", "missing_lines": 5, "excluded_lines": 0, "percent_statements_covered": 0.0, "percent_statements_covered_display": "0"}, "missing_lines": [52, 53, 54, 55, 56], "excluded_lines": [], "start_line": 51}, "": {"executed_lines": [6], "summary": {"covered_lines": 1, "num_statements": 1, "percent_covered": 100.0, "percent_covered_display": "100", "missing_lines": 0, "excluded_lines": 0, "percent_statements_covered": 100.0, "percent_statements_covered_display": "100"}, "missing_lines": [], "excluded_lines": [], "start_line": 1}}, "classes": {"": {"executed_lines": [6, 9, 10, 16, 17, 21, 22, 26, 27, 31, 32, 35, 36, 42, 43, 50, 51], "summary": {"covered_lines": 17, "num_statements": 42, "percent_covered": 40.476190476190474, "percent_covered_display": "40", "missing_lines": 25, "excluded_lines": 0, "percent_statements_covered": 40.476190476190474, "percent_statements_covered_display": "40"}, "missing_lines": [11, 12, 13, 14, 18, 19, 23, 24, 28, 29, 33, 37, 38, 39, 40, 44, 45, 46, 47, 48, 52, 53, 54, 55, 56], "excluded_lines": [], "start_line": 1}}}, "eosim/api/server.py": {"executed_lines": [9, 12, 18, 19, 20, 21, 22, 24, 25, 26, 27, 32, 35, 37, 38, 39, 41, 49, 50, 52, 53, 55, 56, 59, 61, 62, 63, 67, 68], "summary": {"covered_lines": 29, "num_statements": 39, "percent_covered": 74.35897435897436, "percent_covered_display": "74", "missing_lines": 10, "excluded_lines": 3, "percent_statements_covered": 74.35897435897436, "percent_statements_covered_display": "74"}, "missing_lines": [33, 34, 42, 43, 44, 45, 46, 47, 69, 70], "excluded_lines": [73, 74, 78], "functions": {"EoSimAPIServer.__init__": {"executed_lines": [19, 20, 21, 22], "summary": {"covered_lines": 4, "num_statements": 4, "percent_covered": 100.0, "percent_covered_display": "100", "missing_lines": 0, "excluded_lines": 0, "percent_statements_covered": 100.0, "percent_statements_covered_display": "100"}, "missing_lines": [], "excluded_lines": [], "start_line": 18}, "EoSimAPIServer.create_app": {"executed_lines": [25, 26, 27, 32, 35], "summary": {"covered_lines": 5, "num_statements": 7, "percent_covered": 71.42857142857143, "percent_covered_display": "71", "missing_lines": 2, "excluded_lines": 0, "percent_statements_covered": 71.42857142857143, "percent_statements_covered_display": "71"}, "missing_lines": [33, 34], "excluded_lines": [], "start_line": 24}, "EoSimAPIServer._register_routes": {"executed_lines": [38, 39], "summary": {"covered_lines": 2, "num_statements": 2, "percent_covered": 100.0, "percent_covered_display": "100", "missing_lines": 0, "excluded_lines": 0, "percent_statements_covered": 100.0, "percent_statements_covered_display": "100"}, "missing_lines": [], "excluded_lines": [], "start_line": 37}, "EoSimAPIServer.run": {"executed_lines": [], "summary": {"covered_lines": 0, "num_statements": 6, "percent_covered": 0.0, "percent_covered_display": "0", "missing_lines": 6, "excluded_lines": 0, "percent_statements_covered": 0.0, "percent_statements_covered_display": "0"}, "missing_lines": [42, 43, 44, 45, 46, 47], "excluded_lines": [], "start_line": 41}, "EoSimAPIServer.add_simulation": {"executed_lines": [50], "summary": {"covered_lines": 1, "num_statements": 1, "percent_covered": 100.0, "percent_covered_display": "100", "missing_lines": 0, "excluded_lines": 0, "percent_statements_covered": 100.0, "percent_statements_covered_display": "100"}, "missing_lines": [], "excluded_lines": [], "start_line": 49}, "EoSimAPIServer.get_simulation": {"executed_lines": [53], "summary": {"covered_lines": 1, "num_statements": 1, "percent_covered": 100.0, "percent_covered_display": "100", "missing_lines": 0, "excluded_lines": 0, "percent_statements_covered": 100.0, "percent_statements_covered_display": "100"}, "missing_lines": [], "excluded_lines": [], "start_line": 52}, "EoSimAPIServer.list_simulations": {"executed_lines": [56], "summary": {"covered_lines": 1, "num_statements": 1, "percent_covered": 100.0, "percent_covered_display": "100", "missing_lines": 0, "excluded_lines": 0, "percent_statements_covered": 100.0, "percent_statements_covered_display": "100"}, "missing_lines": [], "excluded_lines": [], "start_line": 55}, "create_app": {"executed_lines": [61, 62, 63], "summary": {"covered_lines": 3, "num_statements": 3, "percent_covered": 100.0, "percent_covered_display": "100", "missing_lines": 0, "excluded_lines": 0, "percent_statements_covered": 100.0, "percent_statements_covered_display": "100"}, "missing_lines": [], "excluded_lines": [], "start_line": 59}, "": {"executed_lines": [9, 12, 18, 24, 37, 41, 49, 52, 55, 59, 67, 68], "summary": {"covered_lines": 12, "num_statements": 14, "percent_covered": 85.71428571428571, "percent_covered_display": "86", "missing_lines": 2, "excluded_lines": 3, "percent_statements_covered": 85.71428571428571, "percent_statements_covered_display": "86"}, "missing_lines": [69, 70], "excluded_lines": [73, 74, 78], "start_line": 1}}, "classes": {"EoSimAPIServer": {"executed_lines": [19, 20, 21, 22, 25, 26, 27, 32, 35, 38, 39, 50, 53, 56], "summary": {"covered_lines": 14, "num_statements": 22, "percent_covered": 63.63636363636363, "percent_covered_display": "64", "missing_lines": 8, "excluded_lines": 0, "percent_statements_covered": 63.63636363636363, "percent_statements_covered_display": "64"}, "missing_lines": [33, 34, 42, 43, 44, 45, 46, 47], "excluded_lines": [], "start_line": 12}, "": {"executed_lines": [9, 12, 18, 24, 37, 41, 49, 52, 55, 59, 61, 62, 63, 67, 68], "summary": {"covered_lines": 15, "num_statements": 17, "percent_covered": 88.23529411764706, "percent_covered_display": "88", "missing_lines": 2, "excluded_lines": 3, "percent_statements_covered": 88.23529411764706, "percent_statements_covered_display": "88"}, "missing_lines": [69, 70], "excluded_lines": [73, 74, 78], "start_line": 1}}}, "eosim/api/websocket.py": {"executed_lines": [], "summary": {"covered_lines": 0, "num_statements": 27, "percent_covered": 0.0, "percent_covered_display": "0", "missing_lines": 27, "excluded_lines": 0, "percent_statements_covered": 0.0, "percent_statements_covered_display": "0"}, "missing_lines": [4, 5, 8, 11, 12, 13, 15, 16, 17, 19, 20, 21, 22, 23, 24, 25, 26, 27, 28, 29, 30, 31, 32, 33, 34, 35, 36], "excluded_lines": [], "functions": {"SimulationWebSocket.__init__": {"executed_lines": [], "summary": {"covered_lines": 0, "num_statements": 2, "percent_covered": 0.0, "percent_covered_display": "0", "missing_lines": 2, "excluded_lines": 0, "percent_statements_covered": 0.0, "percent_statements_covered_display": "0"}, "missing_lines": [12, 13], "excluded_lines": [], "start_line": 11}, "SimulationWebSocket.register": {"executed_lines": [], "summary": {"covered_lines": 0, "num_statements": 6, "percent_covered": 0.0, "percent_covered_display": "0", "missing_lines": 6, "excluded_lines": 0, "percent_statements_covered": 0.0, "percent_statements_covered_display": "0"}, "missing_lines": [16, 17, 19, 20, 35, 36], "excluded_lines": [], "start_line": 15}, "SimulationWebSocket.register.websocket_endpoint": {"executed_lines": [], "summary": {"covered_lines": 0, "num_statements": 14, "percent_covered": 0.0, "percent_covered_display": "0", "missing_lines": 14, "excluded_lines": 0, "percent_statements_covered": 0.0, "percent_statements_covered_display": "0"}, "missing_lines": [21, 22, 23, 24, 25, 26, 27, 28, 29, 30, 31, 32, 33, 34], "excluded_lines": [], "start_line": 20}, "": {"executed_lines": [], "summary": {"covered_lines": 0, "num_statements": 5, "percent_covered": 0.0, "percent_covered_display": "0", "missing_lines": 5, "excluded_lines": 0, "percent_statements_covered": 0.0, "percent_statements_covered_display": "0"}, "missing_lines": [4, 5, 8, 11, 15], "excluded_lines": [], "start_line": 1}}, "classes": {"SimulationWebSocket": {"executed_lines": [], "summary": {"covered_lines": 0, "num_statements": 22, "percent_covered": 0.0, "percent_covered_display": "0", "missing_lines": 22, "excluded_lines": 0, "percent_statements_covered": 0.0, "percent_statements_covered_display": "0"}, "missing_lines": [12, 13, 16, 17, 19, 20, 21, 22, 23, 24, 25, 26, 27, 28, 29, 30, 31, 32, 33, 34, 35, 36], "excluded_lines": [], "start_line": 8}, "": {"executed_lines": [], "summary": {"covered_lines": 0, "num_statements": 5, "percent_covered": 0.0, "percent_covered_display": "0", "missing_lines": 5, "excluded_lines": 0, "percent_statements_covered": 0.0, "percent_statements_covered_display": "0"}, "missing_lines": [4, 5, 8, 11, 15], "excluded_lines": [], "start_line": 1}}}, "eosim/artifacts/__init__.py": {"executed_lines": [3], "summary": {"covered_lines": 1, "num_statements": 1, "percent_covered": 100.0, "percent_covered_display": "100", "missing_lines": 0, "excluded_lines": 0, "percent_statements_covered": 100.0, "percent_statements_covered_display": "100"}, "missing_lines": [], "excluded_lines": [], "functions": {"": {"executed_lines": [3], "summary": {"covered_lines": 1, "num_statements": 1, "percent_covered": 100.0, "percent_covered_display": "100", "missing_lines": 0, "excluded_lines": 0, "percent_statements_covered": 100.0, "percent_statements_covered_display": "100"}, "missing_lines": [], "excluded_lines": [], "start_line": 1}}, "classes": {"": {"executed_lines": [3], "summary": {"covered_lines": 1, "num_statements": 1, "percent_covered": 100.0, "percent_covered_display": "100", "missing_lines": 0, "excluded_lines": 0, "percent_statements_covered": 100.0, "percent_statements_covered_display": "100"}, "missing_lines": [], "excluded_lines": [], "start_line": 1}}}, "eosim/artifacts/manager.py": {"executed_lines": [4, 5, 6, 7, 9, 12, 13, 14, 23, 24, 25, 26, 27, 28, 29, 30, 31, 33, 34, 35, 36, 37, 38, 39, 40, 41, 42, 43, 44, 45, 46, 47, 48, 49], "summary": {"covered_lines": 34, "num_statements": 34, "percent_covered": 100.0, "percent_covered_display": "100", "missing_lines": 0, "excluded_lines": 0, "percent_statements_covered": 100.0, "percent_statements_covered_display": "100"}, "missing_lines": [], "excluded_lines": [], "functions": {"collect_artifacts": {"executed_lines": [13, 14, 23, 24, 25, 26, 27, 28, 29, 30, 31], "summary": {"covered_lines": 11, "num_statements": 11, "percent_covered": 100.0, "percent_covered_display": "100", "missing_lines": 0, "excluded_lines": 0, "percent_statements_covered": 100.0, "percent_statements_covered_display": "100"}, "missing_lines": [], "excluded_lines": [], "start_line": 12}, "generate_junit": {"executed_lines": [34, 35, 36, 37, 38, 39, 40, 41, 42, 43, 44, 45, 46, 47, 48, 49], "summary": {"covered_lines": 16, "num_statements": 16, "percent_covered": 100.0, "percent_covered_display": "100", "missing_lines": 0, "excluded_lines": 0, "percent_statements_covered": 100.0, "percent_statements_covered_display": "100"}, "missing_lines": [], "excluded_lines": [], "start_line": 33}, "": {"executed_lines": [4, 5, 6, 7, 9, 12, 33], "summary": {"covered_lines": 7, "num_statements": 7, "percent_covered": 100.0, "percent_covered_display": "100", "missing_lines": 0, "excluded_lines": 0, "percent_statements_covered": 100.0, "percent_statements_covered_display": "100"}, "missing_lines": [], "excluded_lines": [], "start_line": 1}}, "classes": {"": {"executed_lines": [4, 5, 6, 7, 9, 12, 13, 14, 23, 24, 25, 26, 27, 28, 29, 30, 31, 33, 34, 35, 36, 37, 38, 39, 40, 41, 42, 43, 44, 45, 46, 47, 48, 49], "summary": {"covered_lines": 34, "num_statements": 34, "percent_covered": 100.0, "percent_covered_display": "100", "missing_lines": 0, "excluded_lines": 0, "percent_statements_covered": 100.0, "percent_statements_covered_display": "100"}, "missing_lines": [], "excluded_lines": [], "start_line": 1}}}, "eosim/cli/__init__.py": {"executed_lines": [], "summary": {"covered_lines": 0, "num_statements": 0, "percent_covered": 100.0, "percent_covered_display": "100", "missing_lines": 0, "excluded_lines": 0, "percent_statements_covered": 100.0, "percent_statements_covered_display": "100"}, "missing_lines": [], "excluded_lines": [], "functions": {"": {"executed_lines": [], "summary": {"covered_lines": 0, "num_statements": 0, "percent_covered": 100.0, "percent_covered_display": "100", "missing_lines": 0, "excluded_lines": 0, "percent_statements_covered": 100.0, "percent_statements_covered_display": "100"}, "missing_lines": [], "excluded_lines": [], "start_line": 1}}, "classes": {"": {"executed_lines": [], "summary": {"covered_lines": 0, "num_statements": 0, "percent_covered": 100.0, "percent_covered_display": "100", "missing_lines": 0, "excluded_lines": 0, "percent_statements_covered": 100.0, "percent_statements_covered_display": "100"}, "missing_lines": [], "excluded_lines": [], "start_line": 1}}}, "eosim/cli/main.py": {"executed_lines": [4, 5, 6, 7, 8, 9, 11, 12, 14, 15, 18, 20, 21, 22, 23, 24, 25, 26, 30, 31, 39, 42, 44, 45, 48, 49, 50, 52, 55, 56, 57, 58, 59, 60, 61, 63, 65, 67, 68, 73, 74, 75, 76, 77, 80, 84, 86, 87, 90, 91, 92, 93, 96, 97, 100, 102, 104, 105, 112, 113, 114, 116, 117, 118, 119, 120, 121, 122, 123, 127, 128, 130, 131, 132, 133, 134, 135, 136, 137, 138, 141, 142, 143, 145, 146, 147, 148, 149, 152, 153, 154, 155, 156, 157, 159, 160, 161, 162, 164, 165, 166, 168, 169, 171, 173, 175, 176, 182, 213, 242, 244, 245, 246, 247, 248, 249, 250, 251, 252, 253, 254, 255, 256, 262, 263, 264, 265, 266, 268, 269, 270, 271, 272, 273, 274, 275, 276, 277, 278, 279, 280, 281, 282, 283, 284, 287, 288, 289, 290, 292, 294, 295, 296, 297, 298, 299, 300, 301, 302, 303, 304, 310, 311, 312, 314, 316, 317, 318, 320, 321, 322, 334, 335, 336, 337, 338, 339, 368, 369, 377, 378, 379, 380, 382, 383, 388, 389, 390, 391, 394, 395, 397, 398, 400, 401, 402, 403, 404, 405, 407, 408, 416, 417, 418, 420, 421, 423, 424, 425, 426, 427, 428, 429, 431, 432, 433, 434, 435, 440, 441, 443, 446, 447, 449, 450, 451, 452, 453, 454, 457, 458, 459, 461, 462, 463, 464, 465, 466, 467, 468, 469, 470, 471, 472, 473, 474, 479, 480, 482, 485, 486, 488, 489, 490, 491, 492, 495, 496, 497, 499, 500, 501, 502, 503, 504, 505, 506, 507, 508, 509, 510, 511, 516, 517, 522, 523, 533, 534, 535, 552, 553, 554, 555, 575, 576, 577, 600, 601, 602, 603, 620, 621, 641, 642, 647, 648, 679, 680, 681, 682, 683, 684, 685, 721, 722, 723, 724, 725, 743, 744, 745, 746, 747, 773, 774, 776, 779, 780, 782, 786, 787, 788, 789, 790, 791, 792, 795, 796, 801, 802, 803, 804, 820, 821, 826, 827, 828, 829, 845, 846, 851, 852, 853, 854, 877, 878, 879, 880, 891, 892, 894, 897, 898, 900, 901, 902, 903, 904, 907, 908, 910, 911, 912, 913, 914, 915, 919, 920, 921, 922, 923, 925, 926, 927, 928, 929, 931, 932, 933, 934, 936, 937, 938, 939, 941, 942, 943, 945, 946, 947, 948, 949, 951, 952, 953, 954], "summary": {"covered_lines": 396, "num_statements": 685, "percent_covered": 57.81021897810219, "percent_covered_display": "58", "missing_lines": 289, "excluded_lines": 2, "percent_statements_covered": 57.81021897810219, "percent_statements_covered_display": "58"}, "missing_lines": [27, 28, 32, 33, 34, 35, 36, 37, 38, 78, 79, 81, 83, 94, 106, 172, 174, 178, 179, 184, 185, 186, 187, 188, 189, 190, 191, 192, 193, 194, 195, 196, 197, 198, 199, 200, 201, 202, 204, 205, 206, 207, 208, 209, 210, 215, 216, 224, 225, 226, 227, 228, 229, 230, 231, 232, 233, 234, 235, 236, 237, 238, 239, 258, 259, 305, 306, 307, 308, 313, 324, 325, 326, 327, 328, 329, 330, 331, 341, 342, 343, 344, 346, 347, 348, 350, 351, 352, 354, 355, 356, 357, 358, 359, 361, 362, 364, 365, 371, 372, 373, 374, 519, 525, 526, 527, 528, 530, 537, 538, 539, 540, 541, 542, 543, 544, 545, 547, 548, 549, 557, 558, 559, 560, 561, 562, 563, 564, 565, 566, 567, 568, 569, 570, 571, 572, 579, 580, 587, 588, 589, 590, 591, 592, 593, 594, 595, 596, 597, 605, 606, 607, 608, 609, 610, 611, 612, 613, 614, 615, 616, 617, 623, 625, 627, 628, 629, 630, 632, 633, 635, 636, 644, 650, 651, 653, 655, 656, 657, 659, 661, 662, 663, 664, 665, 666, 668, 670, 671, 672, 673, 674, 676, 687, 689, 690, 691, 692, 697, 698, 699, 701, 702, 703, 704, 706, 707, 708, 709, 710, 711, 712, 713, 714, 715, 717, 718, 727, 729, 730, 731, 732, 733, 734, 736, 737, 738, 739, 740, 749, 751, 752, 753, 754, 755, 756, 757, 758, 759, 760, 761, 762, 763, 764, 765, 766, 768, 798, 806, 807, 808, 809, 810, 811, 812, 813, 814, 816, 817, 823, 831, 832, 833, 834, 835, 836, 837, 838, 839, 841, 842, 848, 856, 857, 858, 859, 860, 861, 862, 863, 864, 866, 867, 868, 882, 883, 884, 885, 886], "excluded_lines": [871, 872], "functions": {"_find_platform": {"executed_lines": [20, 21, 22, 23, 24, 25, 26, 30, 31, 39], "summary": {"covered_lines": 10, "num_statements": 19, "percent_covered": 52.63157894736842, "percent_covered_display": "53", "missing_lines": 9, "excluded_lines": 0, "percent_statements_covered": 52.63157894736842, "percent_statements_covered_display": "53"}, "missing_lines": [27, 28, 32, 33, 34, 35, 36, 37, 38], "excluded_lines": [], "start_line": 18}, "_load_registry": {"executed_lines": [44, 45], "summary": {"covered_lines": 2, "num_statements": 2, "percent_covered": 100.0, "percent_covered_display": "100", "missing_lines": 0, "excluded_lines": 0, "percent_statements_covered": 100.0, "percent_statements_covered_display": "100"}, "missing_lines": [], "excluded_lines": [], "start_line": 42}, "cli": {"executed_lines": [52], "summary": {"covered_lines": 1, "num_statements": 1, "percent_covered": 100.0, "percent_covered_display": "100", "missing_lines": 0, "excluded_lines": 0, "percent_statements_covered": 100.0, "percent_statements_covered_display": "100"}, "missing_lines": [], "excluded_lines": [], "start_line": 50}, "list_platforms": {"executed_lines": [67, 68, 73, 74, 75, 76, 77, 80, 84, 86, 87, 90, 91, 92, 93, 96, 97], "summary": {"covered_lines": 17, "num_statements": 22, "percent_covered": 77.27272727272727, "percent_covered_display": "77", "missing_lines": 5, "excluded_lines": 0, "percent_statements_covered": 77.27272727272727, "percent_statements_covered_display": "77"}, "missing_lines": [78, 79, 81, 83, 94], "excluded_lines": [], "start_line": 65}, "_print_platforms": {"executed_lines": [102, 104, 105], "summary": {"covered_lines": 3, "num_statements": 4, "percent_covered": 75.0, "percent_covered_display": "75", "missing_lines": 1, "excluded_lines": 0, "percent_statements_covered": 75.0, "percent_statements_covered_display": "75"}, "missing_lines": [106], "excluded_lines": [], "start_line": 100}, "search": {"executed_lines": [116, 117, 118, 119, 120, 121, 122, 123], "summary": {"covered_lines": 8, "num_statements": 8, "percent_covered": 100.0, "percent_covered_display": "100", "missing_lines": 0, "excluded_lines": 0, "percent_statements_covered": 100.0, "percent_statements_covered_display": "100"}, "missing_lines": [], "excluded_lines": [], "start_line": 114}, "stats": {"executed_lines": [130, 131, 132, 133, 134, 135, 136, 137, 138], "summary": {"covered_lines": 9, "num_statements": 9, "percent_covered": 100.0, "percent_covered_display": "100", "missing_lines": 0, "excluded_lines": 0, "percent_statements_covered": 100.0, "percent_statements_covered_display": "100"}, "missing_lines": [], "excluded_lines": [], "start_line": 128}, "info": {"executed_lines": [145, 146, 147, 148, 149], "summary": {"covered_lines": 5, "num_statements": 5, "percent_covered": 100.0, "percent_covered_display": "100", "missing_lines": 0, "excluded_lines": 0, "percent_statements_covered": 100.0, "percent_statements_covered_display": "100"}, "missing_lines": [], "excluded_lines": [], "start_line": 143}, "run": {"executed_lines": [159, 160, 161, 162, 164, 165, 166, 168, 169, 171, 173, 175, 176], "summary": {"covered_lines": 13, "num_statements": 17, "percent_covered": 76.47058823529412, "percent_covered_display": "76", "missing_lines": 4, "excluded_lines": 0, "percent_statements_covered": 76.47058823529412, "percent_statements_covered_display": "76"}, "missing_lines": [172, 174, 178, 179], "excluded_lines": [], "start_line": 157}, "_run_renode": {"executed_lines": [], "summary": {"covered_lines": 0, "num_statements": 26, "percent_covered": 0.0, "percent_covered_display": "0", "missing_lines": 26, "excluded_lines": 0, "percent_statements_covered": 0.0, "percent_statements_covered_display": "0"}, "missing_lines": [184, 185, 186, 187, 188, 189, 190, 191, 192, 193, 194, 195, 196, 197, 198, 199, 200, 201, 202, 204, 205, 206, 207, 208, 209, 210], "excluded_lines": [], "start_line": 182}, "_run_qemu": {"executed_lines": [], "summary": {"covered_lines": 0, "num_statements": 18, "percent_covered": 0.0, "percent_covered_display": "0", "missing_lines": 18, "excluded_lines": 0, "percent_statements_covered": 0.0, "percent_statements_covered_display": "0"}, "missing_lines": [215, 216, 224, 225, 226, 227, 228, 229, 230, 231, 232, 233, 234, 235, 236, 237, 238, 239], "excluded_lines": [], "start_line": 213}, "_run_eosim": {"executed_lines": [244, 245, 246, 247, 248, 249, 250, 251, 252, 253, 254, 255, 256], "summary": {"covered_lines": 13, "num_statements": 15, "percent_covered": 86.66666666666667, "percent_covered_display": "87", "missing_lines": 2, "excluded_lines": 0, "percent_statements_covered": 86.66666666666667, "percent_statements_covered_display": "87"}, "missing_lines": [258, 259], "excluded_lines": [], "start_line": 242}, "test": {"executed_lines": [268, 269, 270, 271, 272, 273, 274, 275, 276, 277, 278, 279, 280, 281, 282, 283, 284], "summary": {"covered_lines": 17, "num_statements": 17, "percent_covered": 100.0, "percent_covered_display": "100", "missing_lines": 0, "excluded_lines": 0, "percent_statements_covered": 100.0, "percent_statements_covered_display": "100"}, "missing_lines": [], "excluded_lines": [], "start_line": 266}, "validate": {"executed_lines": [292, 294, 295, 296, 297, 298, 299, 300, 301, 302, 303, 304, 310, 311, 312, 314, 316, 317, 318, 320, 321, 322], "summary": {"covered_lines": 22, "num_statements": 35, "percent_covered": 62.857142857142854, "percent_covered_display": "63", "missing_lines": 13, "excluded_lines": 0, "percent_statements_covered": 62.857142857142854, "percent_statements_covered_display": "63"}, "missing_lines": [305, 306, 307, 308, 313, 324, 325, 326, 327, 328, 329, 330, 331], "excluded_lines": [], "start_line": 290}, "simulate": {"executed_lines": [], "summary": {"covered_lines": 0, "num_statements": 20, "percent_covered": 0.0, "percent_covered_display": "0", "missing_lines": 20, "excluded_lines": 0, "percent_statements_covered": 0.0, "percent_statements_covered_display": "0"}, "missing_lines": [341, 342, 343, 344, 346, 347, 348, 350, 351, 352, 354, 355, 356, 357, 358, 359, 361, 362, 364, 365], "excluded_lines": [], "start_line": 339}, "list_platforms_alias": {"executed_lines": [], "summary": {"covered_lines": 0, "num_statements": 4, "percent_covered": 0.0, "percent_covered_display": "0", "missing_lines": 4, "excluded_lines": 0, "percent_statements_covered": 0.0, "percent_statements_covered_display": "0"}, "missing_lines": [371, 372, 373, 374], "excluded_lines": [], "start_line": 369}, "artifact": {"executed_lines": [382, 383, 388, 389, 390, 391], "summary": {"covered_lines": 6, "num_statements": 6, "percent_covered": 100.0, "percent_covered_display": "100", "missing_lines": 0, "excluded_lines": 0, "percent_statements_covered": 100.0, "percent_statements_covered_display": "100"}, "missing_lines": [], "excluded_lines": [], "start_line": 380}, "doctor": {"executed_lines": [397, 398, 400, 401, 402, 403, 404, 405, 407, 408, 416, 417, 418, 420, 421, 423, 424, 425, 426, 427, 428, 429, 431, 432, 433, 434, 435], "summary": {"covered_lines": 27, "num_statements": 27, "percent_covered": 100.0, "percent_covered_display": "100", "missing_lines": 0, "excluded_lines": 0, "percent_statements_covered": 100.0, "percent_statements_covered_display": "100"}, "missing_lines": [], "excluded_lines": [], "start_line": 395}, "domain": {"executed_lines": [443], "summary": {"covered_lines": 1, "num_statements": 1, "percent_covered": 100.0, "percent_covered_display": "100", "missing_lines": 0, "excluded_lines": 0, "percent_statements_covered": 100.0, "percent_statements_covered_display": "100"}, "missing_lines": [], "excluded_lines": [], "start_line": 441}, "domain_list": {"executed_lines": [449, 450, 451, 452, 453, 454], "summary": {"covered_lines": 6, "num_statements": 6, "percent_covered": 100.0, "percent_covered_display": "100", "missing_lines": 0, "excluded_lines": 0, "percent_statements_covered": 100.0, "percent_statements_covered_display": "100"}, "missing_lines": [], "excluded_lines": [], "start_line": 447}, "domain_info": {"executed_lines": [461, 462, 463, 464, 465, 466, 467, 468, 469, 470, 471, 472, 473, 474], "summary": {"covered_lines": 14, "num_statements": 14, "percent_covered": 100.0, "percent_covered_display": "100", "missing_lines": 0, "excluded_lines": 0, "percent_statements_covered": 100.0, "percent_statements_covered_display": "100"}, "missing_lines": [], "excluded_lines": [], "start_line": 459}, "modeling": {"executed_lines": [482], "summary": {"covered_lines": 1, "num_statements": 1, "percent_covered": 100.0, "percent_covered_display": "100", "missing_lines": 0, "excluded_lines": 0, "percent_statements_covered": 100.0, "percent_statements_covered_display": "100"}, "missing_lines": [], "excluded_lines": [], "start_line": 480}, "modeling_list": {"executed_lines": [488, 489, 490, 491, 492], "summary": {"covered_lines": 5, "num_statements": 5, "percent_covered": 100.0, "percent_covered_display": "100", "missing_lines": 0, "excluded_lines": 0, "percent_statements_covered": 100.0, "percent_statements_covered_display": "100"}, "missing_lines": [], "excluded_lines": [], "start_line": 486}, "modeling_info": {"executed_lines": [499, 500, 501, 502, 503, 504, 505, 506, 507, 508, 509, 510, 511], "summary": {"covered_lines": 13, "num_statements": 13, "percent_covered": 100.0, "percent_covered_display": "100", "missing_lines": 0, "excluded_lines": 0, "percent_statements_covered": 100.0, "percent_statements_covered_display": "100"}, "missing_lines": [], "excluded_lines": [], "start_line": 497}, "eos": {"executed_lines": [], "summary": {"covered_lines": 0, "num_statements": 1, "percent_covered": 0.0, "percent_covered_display": "0", "missing_lines": 1, "excluded_lines": 0, "percent_statements_covered": 0.0, "percent_statements_covered_display": "0"}, "missing_lines": [519], "excluded_lines": [], "start_line": 517}, "eos_find": {"executed_lines": [], "summary": {"covered_lines": 0, "num_statements": 5, "percent_covered": 0.0, "percent_covered_display": "0", "missing_lines": 5, "excluded_lines": 0, "percent_statements_covered": 0.0, "percent_statements_covered_display": "0"}, "missing_lines": [525, 526, 527, 528, 530], "excluded_lines": [], "start_line": 523}, "eos_build": {"executed_lines": [], "summary": {"covered_lines": 0, "num_statements": 12, "percent_covered": 0.0, "percent_covered_display": "0", "missing_lines": 12, "excluded_lines": 0, "percent_statements_covered": 0.0, "percent_statements_covered_display": "0"}, "missing_lines": [537, 538, 539, 540, 541, 542, 543, 544, 545, 547, 548, 549], "excluded_lines": [], "start_line": 535}, "eos_test": {"executed_lines": [], "summary": {"covered_lines": 0, "num_statements": 16, "percent_covered": 0.0, "percent_covered_display": "0", "missing_lines": 16, "excluded_lines": 0, "percent_statements_covered": 0.0, "percent_statements_covered_display": "0"}, "missing_lines": [557, 558, 559, 560, 561, 562, 563, 564, 565, 566, 567, 568, 569, 570, 571, 572], "excluded_lines": [], "start_line": 555}, "eos_test_suite": {"executed_lines": [], "summary": {"covered_lines": 0, "num_statements": 13, "percent_covered": 0.0, "percent_covered_display": "0", "missing_lines": 13, "excluded_lines": 0, "percent_statements_covered": 0.0, "percent_statements_covered_display": "0"}, "missing_lines": [579, 580, 587, 588, 589, 590, 591, 592, 593, 594, 595, 596, 597], "excluded_lines": [], "start_line": 577}, "ecosystem": {"executed_lines": [], "summary": {"covered_lines": 0, "num_statements": 13, "percent_covered": 0.0, "percent_covered_display": "0", "missing_lines": 13, "excluded_lines": 0, "percent_statements_covered": 0.0, "percent_statements_covered_display": "0"}, "missing_lines": [605, 606, 607, 608, 609, 610, 611, 612, 613, 614, 615, 616, 617], "excluded_lines": [], "start_line": 603}, "gui": {"executed_lines": [], "summary": {"covered_lines": 0, "num_statements": 10, "percent_covered": 0.0, "percent_covered_display": "0", "missing_lines": 10, "excluded_lines": 0, "percent_statements_covered": 0.0, "percent_statements_covered_display": "0"}, "missing_lines": [623, 625, 627, 628, 629, 630, 632, 633, 635, 636], "excluded_lines": [], "start_line": 621}, "hil": {"executed_lines": [], "summary": {"covered_lines": 0, "num_statements": 1, "percent_covered": 0.0, "percent_covered_display": "0", "missing_lines": 1, "excluded_lines": 0, "percent_statements_covered": 0.0, "percent_statements_covered_display": "0"}, "missing_lines": [644], "excluded_lines": [], "start_line": 642}, "hil_detect": {"executed_lines": [], "summary": {"covered_lines": 0, "num_statements": 20, "percent_covered": 0.0, "percent_covered_display": "0", "missing_lines": 20, "excluded_lines": 0, "percent_statements_covered": 0.0, "percent_statements_covered_display": "0"}, "missing_lines": [650, 651, 653, 655, 656, 657, 659, 661, 662, 663, 664, 665, 666, 668, 670, 671, 672, 673, 674, 676], "excluded_lines": [], "start_line": 648}, "hil_connect": {"executed_lines": [], "summary": {"covered_lines": 0, "num_statements": 24, "percent_covered": 0.0, "percent_covered_display": "0", "missing_lines": 24, "excluded_lines": 0, "percent_statements_covered": 0.0, "percent_statements_covered_display": "0"}, "missing_lines": [687, 689, 690, 691, 692, 697, 698, 699, 701, 702, 703, 704, 706, 707, 708, 709, 710, 711, 712, 713, 714, 715, 717, 718], "excluded_lines": [], "start_line": 685}, "hil_flash": {"executed_lines": [], "summary": {"covered_lines": 0, "num_statements": 12, "percent_covered": 0.0, "percent_covered_display": "0", "missing_lines": 12, "excluded_lines": 0, "percent_statements_covered": 0.0, "percent_statements_covered_display": "0"}, "missing_lines": [727, 729, 730, 731, 732, 733, 734, 736, 737, 738, 739, 740], "excluded_lines": [], "start_line": 725}, "hil_monitor": {"executed_lines": [], "summary": {"covered_lines": 0, "num_statements": 18, "percent_covered": 0.0, "percent_covered_display": "0", "missing_lines": 18, "excluded_lines": 0, "percent_statements_covered": 0.0, "percent_statements_covered_display": "0"}, "missing_lines": [749, 751, 752, 753, 754, 755, 756, 757, 758, 759, 760, 761, 762, 763, 764, 765, 766, 768], "excluded_lines": [], "start_line": 747}, "bridge": {"executed_lines": [776], "summary": {"covered_lines": 1, "num_statements": 1, "percent_covered": 100.0, "percent_covered_display": "100", "missing_lines": 0, "excluded_lines": 0, "percent_statements_covered": 100.0, "percent_statements_covered_display": "100"}, "missing_lines": [], "excluded_lines": [], "start_line": 774}, "bridge_status": {"executed_lines": [782, 786, 787, 788, 789, 790, 791, 792], "summary": {"covered_lines": 8, "num_statements": 8, "percent_covered": 100.0, "percent_covered_display": "100", "missing_lines": 0, "excluded_lines": 0, "percent_statements_covered": 100.0, "percent_statements_covered_display": "100"}, "missing_lines": [], "excluded_lines": [], "start_line": 780}, "bridge_xplane": {"executed_lines": [], "summary": {"covered_lines": 0, "num_statements": 1, "percent_covered": 0.0, "percent_covered_display": "0", "missing_lines": 1, "excluded_lines": 0, "percent_statements_covered": 0.0, "percent_statements_covered_display": "0"}, "missing_lines": [798], "excluded_lines": [], "start_line": 796}, "xplane_connect": {"executed_lines": [], "summary": {"covered_lines": 0, "num_statements": 11, "percent_covered": 0.0, "percent_covered_display": "0", "missing_lines": 11, "excluded_lines": 0, "percent_statements_covered": 0.0, "percent_statements_covered_display": "0"}, "missing_lines": [806, 807, 808, 809, 810, 811, 812, 813, 814, 816, 817], "excluded_lines": [], "start_line": 804}, "bridge_gazebo": {"executed_lines": [], "summary": {"covered_lines": 0, "num_statements": 1, "percent_covered": 0.0, "percent_covered_display": "0", "missing_lines": 1, "excluded_lines": 0, "percent_statements_covered": 0.0, "percent_statements_covered_display": "0"}, "missing_lines": [823], "excluded_lines": [], "start_line": 821}, "gazebo_connect": {"executed_lines": [], "summary": {"covered_lines": 0, "num_statements": 11, "percent_covered": 0.0, "percent_covered_display": "0", "missing_lines": 11, "excluded_lines": 0, "percent_statements_covered": 0.0, "percent_statements_covered_display": "0"}, "missing_lines": [831, 832, 833, 834, 835, 836, 837, 838, 839, 841, 842], "excluded_lines": [], "start_line": 829}, "bridge_openfoam": {"executed_lines": [], "summary": {"covered_lines": 0, "num_statements": 1, "percent_covered": 0.0, "percent_covered_display": "0", "missing_lines": 1, "excluded_lines": 0, "percent_statements_covered": 0.0, "percent_statements_covered_display": "0"}, "missing_lines": [848], "excluded_lines": [], "start_line": 846}, "openfoam_run": {"executed_lines": [], "summary": {"covered_lines": 0, "num_statements": 12, "percent_covered": 0.0, "percent_covered_display": "0", "missing_lines": 12, "excluded_lines": 0, "percent_statements_covered": 0.0, "percent_statements_covered_display": "0"}, "missing_lines": [856, 857, 858, 859, 860, 861, 862, 863, 864, 866, 867, 868], "excluded_lines": [], "start_line": 854}, "api_server": {"executed_lines": [], "summary": {"covered_lines": 0, "num_statements": 5, "percent_covered": 0.0, "percent_covered_display": "0", "missing_lines": 5, "excluded_lines": 0, "percent_statements_covered": 0.0, "percent_statements_covered_display": "0"}, "missing_lines": [882, 883, 884, 885, 886], "excluded_lines": [], "start_line": 880}, "simulator_group": {"executed_lines": [894], "summary": {"covered_lines": 1, "num_statements": 1, "percent_covered": 100.0, "percent_covered_display": "100", "missing_lines": 0, "excluded_lines": 0, "percent_statements_covered": 100.0, "percent_statements_covered_display": "100"}, "missing_lines": [], "excluded_lines": [], "start_line": 892}, "simulator_list": {"executed_lines": [900, 901, 902, 903, 904], "summary": {"covered_lines": 5, "num_statements": 5, "percent_covered": 100.0, "percent_covered_display": "100", "missing_lines": 0, "excluded_lines": 0, "percent_statements_covered": 100.0, "percent_statements_covered_display": "100"}, "missing_lines": [], "excluded_lines": [], "start_line": 898}, "simulator_products": {"executed_lines": [910, 911, 912, 913, 914, 915], "summary": {"covered_lines": 6, "num_statements": 6, "percent_covered": 100.0, "percent_covered_display": "100", "missing_lines": 0, "excluded_lines": 0, "percent_statements_covered": 100.0, "percent_statements_covered_display": "100"}, "missing_lines": [], "excluded_lines": [], "start_line": 908}, "simulator_run": {"executed_lines": [925, 926, 927, 928, 929, 931, 932, 933, 936, 937, 938, 939, 941, 942, 943, 945, 946, 947, 948, 949, 951, 952, 953, 954], "summary": {"covered_lines": 24, "num_statements": 24, "percent_covered": 100.0, "percent_covered_display": "100", "missing_lines": 0, "excluded_lines": 0, "percent_statements_covered": 100.0, "percent_statements_covered_display": "100"}, "missing_lines": [], "excluded_lines": [], "start_line": 923}, "simulator_run.VM.add_peripheral": {"executed_lines": [934], "summary": {"covered_lines": 1, "num_statements": 1, "percent_covered": 100.0, "percent_covered_display": "100", "missing_lines": 0, "excluded_lines": 0, "percent_statements_covered": 100.0, "percent_statements_covered_display": "100"}, "missing_lines": [], "excluded_lines": [], "start_line": 933}, "": {"executed_lines": [4, 5, 6, 7, 8, 9, 11, 12, 14, 15, 18, 42, 48, 49, 50, 55, 56, 57, 58, 59, 60, 61, 63, 65, 100, 112, 113, 114, 127, 128, 141, 142, 143, 152, 153, 154, 155, 156, 157, 182, 213, 242, 262, 263, 264, 265, 266, 287, 288, 289, 290, 334, 335, 336, 337, 338, 339, 368, 369, 377, 378, 379, 380, 394, 395, 440, 441, 446, 447, 457, 458, 459, 479, 480, 485, 486, 495, 496, 497, 516, 517, 522, 523, 533, 534, 535, 552, 553, 554, 555, 575, 576, 577, 600, 601, 602, 603, 620, 621, 641, 642, 647, 648, 679, 680, 681, 682, 683, 684, 685, 721, 722, 723, 724, 725, 743, 744, 745, 746, 747, 773, 774, 779, 780, 795, 796, 801, 802, 803, 804, 820, 821, 826, 827, 828, 829, 845, 846, 851, 852, 853, 854, 877, 878, 879, 880, 891, 892, 897, 898, 907, 908, 919, 920, 921, 922, 923], "summary": {"covered_lines": 157, "num_statements": 157, "percent_covered": 100.0, "percent_covered_display": "100", "missing_lines": 0, "excluded_lines": 2, "percent_statements_covered": 100.0, "percent_statements_covered_display": "100"}, "missing_lines": [], "excluded_lines": [871, 872], "start_line": 1}}, "classes": {"simulator_run.VM": {"executed_lines": [934], "summary": {"covered_lines": 1, "num_statements": 1, "percent_covered": 100.0, "percent_covered_display": "100", "missing_lines": 0, "excluded_lines": 0, "percent_statements_covered": 100.0, "percent_statements_covered_display": "100"}, "missing_lines": [], "excluded_lines": [], "start_line": 931}, "": {"executed_lines": [4, 5, 6, 7, 8, 9, 11, 12, 14, 15, 18, 20, 21, 22, 23, 24, 25, 26, 30, 31, 39, 42, 44, 45, 48, 49, 50, 52, 55, 56, 57, 58, 59, 60, 61, 63, 65, 67, 68, 73, 74, 75, 76, 77, 80, 84, 86, 87, 90, 91, 92, 93, 96, 97, 100, 102, 104, 105, 112, 113, 114, 116, 117, 118, 119, 120, 121, 122, 123, 127, 128, 130, 131, 132, 133, 134, 135, 136, 137, 138, 141, 142, 143, 145, 146, 147, 148, 149, 152, 153, 154, 155, 156, 157, 159, 160, 161, 162, 164, 165, 166, 168, 169, 171, 173, 175, 176, 182, 213, 242, 244, 245, 246, 247, 248, 249, 250, 251, 252, 253, 254, 255, 256, 262, 263, 264, 265, 266, 268, 269, 270, 271, 272, 273, 274, 275, 276, 277, 278, 279, 280, 281, 282, 283, 284, 287, 288, 289, 290, 292, 294, 295, 296, 297, 298, 299, 300, 301, 302, 303, 304, 310, 311, 312, 314, 316, 317, 318, 320, 321, 322, 334, 335, 336, 337, 338, 339, 368, 369, 377, 378, 379, 380, 382, 383, 388, 389, 390, 391, 394, 395, 397, 398, 400, 401, 402, 403, 404, 405, 407, 408, 416, 417, 418, 420, 421, 423, 424, 425, 426, 427, 428, 429, 431, 432, 433, 434, 435, 440, 441, 443, 446, 447, 449, 450, 451, 452, 453, 454, 457, 458, 459, 461, 462, 463, 464, 465, 466, 467, 468, 469, 470, 471, 472, 473, 474, 479, 480, 482, 485, 486, 488, 489, 490, 491, 492, 495, 496, 497, 499, 500, 501, 502, 503, 504, 505, 506, 507, 508, 509, 510, 511, 516, 517, 522, 523, 533, 534, 535, 552, 553, 554, 555, 575, 576, 577, 600, 601, 602, 603, 620, 621, 641, 642, 647, 648, 679, 680, 681, 682, 683, 684, 685, 721, 722, 723, 724, 725, 743, 744, 745, 746, 747, 773, 774, 776, 779, 780, 782, 786, 787, 788, 789, 790, 791, 792, 795, 796, 801, 802, 803, 804, 820, 821, 826, 827, 828, 829, 845, 846, 851, 852, 853, 854, 877, 878, 879, 880, 891, 892, 894, 897, 898, 900, 901, 902, 903, 904, 907, 908, 910, 911, 912, 913, 914, 915, 919, 920, 921, 922, 923, 925, 926, 927, 928, 929, 931, 932, 933, 936, 937, 938, 939, 941, 942, 943, 945, 946, 947, 948, 949, 951, 952, 953, 954], "summary": {"covered_lines": 395, "num_statements": 684, "percent_covered": 57.748538011695906, "percent_covered_display": "58", "missing_lines": 289, "excluded_lines": 2, "percent_statements_covered": 57.748538011695906, "percent_statements_covered_display": "58"}, "missing_lines": [27, 28, 32, 33, 34, 35, 36, 37, 38, 78, 79, 81, 83, 94, 106, 172, 174, 178, 179, 184, 185, 186, 187, 188, 189, 190, 191, 192, 193, 194, 195, 196, 197, 198, 199, 200, 201, 202, 204, 205, 206, 207, 208, 209, 210, 215, 216, 224, 225, 226, 227, 228, 229, 230, 231, 232, 233, 234, 235, 236, 237, 238, 239, 258, 259, 305, 306, 307, 308, 313, 324, 325, 326, 327, 328, 329, 330, 331, 341, 342, 343, 344, 346, 347, 348, 350, 351, 352, 354, 355, 356, 357, 358, 359, 361, 362, 364, 365, 371, 372, 373, 374, 519, 525, 526, 527, 528, 530, 537, 538, 539, 540, 541, 542, 543, 544, 545, 547, 548, 549, 557, 558, 559, 560, 561, 562, 563, 564, 565, 566, 567, 568, 569, 570, 571, 572, 579, 580, 587, 588, 589, 590, 591, 592, 593, 594, 595, 596, 597, 605, 606, 607, 608, 609, 610, 611, 612, 613, 614, 615, 616, 617, 623, 625, 627, 628, 629, 630, 632, 633, 635, 636, 644, 650, 651, 653, 655, 656, 657, 659, 661, 662, 663, 664, 665, 666, 668, 670, 671, 672, 673, 674, 676, 687, 689, 690, 691, 692, 697, 698, 699, 701, 702, 703, 704, 706, 707, 708, 709, 710, 711, 712, 713, 714, 715, 717, 718, 727, 729, 730, 731, 732, 733, 734, 736, 737, 738, 739, 740, 749, 751, 752, 753, 754, 755, 756, 757, 758, 759, 760, 761, 762, 763, 764, 765, 766, 768, 798, 806, 807, 808, 809, 810, 811, 812, 813, 814, 816, 817, 823, 831, 832, 833, 834, 835, 836, 837, 838, 839, 841, 842, 848, 856, 857, 858, 859, 860, 861, 862, 863, 864, 866, 867, 868, 882, 883, 884, 885, 886], "excluded_lines": [871, 872], "start_line": 1}}}, "eosim/codegen/__init__.py": {"executed_lines": [], "summary": {"covered_lines": 0, "num_statements": 0, "percent_covered": 100.0, "percent_covered_display": "100", "missing_lines": 0, "excluded_lines": 0, "percent_statements_covered": 100.0, "percent_statements_covered_display": "100"}, "missing_lines": [], "excluded_lines": [], "functions": {"": {"executed_lines": [], "summary": {"covered_lines": 0, "num_statements": 0, "percent_covered": 100.0, "percent_covered_display": "100", "missing_lines": 0, "excluded_lines": 0, "percent_statements_covered": 100.0, "percent_statements_covered_display": "100"}, "missing_lines": [], "excluded_lines": [], "start_line": 1}}, "classes": {"": {"executed_lines": [], "summary": {"covered_lines": 0, "num_statements": 0, "percent_covered": 100.0, "percent_covered_display": "100", "missing_lines": 0, "excluded_lines": 0, "percent_statements_covered": 100.0, "percent_statements_covered_display": "100"}, "missing_lines": [], "excluded_lines": [], "start_line": 1}}}, "eosim/codegen/generator.py": {"executed_lines": [4, 7, 10, 11, 13, 14, 15, 16, 30, 47, 49, 50, 51, 52, 53, 54, 55, 56, 57], "summary": {"covered_lines": 19, "num_statements": 19, "percent_covered": 100.0, "percent_covered_display": "100", "missing_lines": 0, "excluded_lines": 0, "percent_statements_covered": 100.0, "percent_statements_covered_display": "100"}, "missing_lines": [], "excluded_lines": [], "functions": {"CodeGenerator.__init__": {"executed_lines": [11], "summary": {"covered_lines": 1, "num_statements": 1, "percent_covered": 100.0, "percent_covered_display": "100", "missing_lines": 0, "excluded_lines": 0, "percent_statements_covered": 100.0, "percent_statements_covered_display": "100"}, "missing_lines": [], "excluded_lines": [], "start_line": 10}, "CodeGenerator.generate_peripheral_driver": {"executed_lines": [14, 15, 16, 30, 47], "summary": {"covered_lines": 5, "num_statements": 5, "percent_covered": 100.0, "percent_covered_display": "100", "missing_lines": 0, "excluded_lines": 0, "percent_statements_covered": 100.0, "percent_statements_covered_display": "100"}, "missing_lines": [], "excluded_lines": [], "start_line": 13}, "CodeGenerator.write_files": {"executed_lines": [50, 51, 52, 53, 54, 55, 56, 57], "summary": {"covered_lines": 8, "num_statements": 8, "percent_covered": 100.0, "percent_covered_display": "100", "missing_lines": 0, "excluded_lines": 0, "percent_statements_covered": 100.0, "percent_statements_covered_display": "100"}, "missing_lines": [], "excluded_lines": [], "start_line": 49}, "": {"executed_lines": [4, 7, 10, 13, 49], "summary": {"covered_lines": 5, "num_statements": 5, "percent_covered": 100.0, "percent_covered_display": "100", "missing_lines": 0, "excluded_lines": 0, "percent_statements_covered": 100.0, "percent_statements_covered_display": "100"}, "missing_lines": [], "excluded_lines": [], "start_line": 1}}, "classes": {"CodeGenerator": {"executed_lines": [11, 14, 15, 16, 30, 47, 50, 51, 52, 53, 54, 55, 56, 57], "summary": {"covered_lines": 14, "num_statements": 14, "percent_covered": 100.0, "percent_covered_display": "100", "missing_lines": 0, "excluded_lines": 0, "percent_statements_covered": 100.0, "percent_statements_covered_display": "100"}, "missing_lines": [], "excluded_lines": [], "start_line": 7}, "": {"executed_lines": [4, 7, 10, 13, 49], "summary": {"covered_lines": 5, "num_statements": 5, "percent_covered": 100.0, "percent_covered_display": "100", "missing_lines": 0, "excluded_lines": 0, "percent_statements_covered": 100.0, "percent_statements_covered_display": "100"}, "missing_lines": [], "excluded_lines": [], "start_line": 1}}}, "eosim/config/__init__.py": {"executed_lines": [5, 7], "summary": {"covered_lines": 2, "num_statements": 2, "percent_covered": 100.0, "percent_covered_display": "100", "missing_lines": 0, "excluded_lines": 0, "percent_statements_covered": 100.0, "percent_statements_covered_display": "100"}, "missing_lines": [], "excluded_lines": [], "functions": {"": {"executed_lines": [5, 7], "summary": {"covered_lines": 2, "num_statements": 2, "percent_covered": 100.0, "percent_covered_display": "100", "missing_lines": 0, "excluded_lines": 0, "percent_statements_covered": 100.0, "percent_statements_covered_display": "100"}, "missing_lines": [], "excluded_lines": [], "start_line": 1}}, "classes": {"": {"executed_lines": [5, 7], "summary": {"covered_lines": 2, "num_statements": 2, "percent_covered": 100.0, "percent_covered_display": "100", "missing_lines": 0, "excluded_lines": 0, "percent_statements_covered": 100.0, "percent_statements_covered_display": "100"}, "missing_lines": [], "excluded_lines": [], "start_line": 1}}}, "eosim/config/production.py": {"executed_lines": [10, 11, 14, 15, 16, 19, 20, 21, 22, 23, 24, 25, 26, 29, 30, 33, 34, 35, 36, 37, 38, 39, 42, 43, 46, 47, 48, 52, 53, 54, 55, 58, 71, 85, 86, 87, 90, 91, 92, 93, 101, 103], "summary": {"covered_lines": 42, "num_statements": 42, "percent_covered": 100.0, "percent_covered_display": "100", "missing_lines": 0, "excluded_lines": 0, "percent_statements_covered": 100.0, "percent_statements_covered_display": "100"}, "missing_lines": [], "excluded_lines": [], "functions": {"get_config": {"executed_lines": [103], "summary": {"covered_lines": 1, "num_statements": 1, "percent_covered": 100.0, "percent_covered_display": "100", "missing_lines": 0, "excluded_lines": 0, "percent_statements_covered": 100.0, "percent_statements_covered_display": "100"}, "missing_lines": [], "excluded_lines": [], "start_line": 101}, "": {"executed_lines": [10, 11, 14, 15, 16, 19, 20, 21, 22, 23, 24, 25, 26, 29, 30, 33, 34, 35, 36, 37, 38, 39, 42, 43, 46, 47, 48, 52, 53, 54, 55, 58, 71, 85, 86, 87, 90, 91, 92, 93, 101], "summary": {"covered_lines": 41, "num_statements": 41, "percent_covered": 100.0, "percent_covered_display": "100", "missing_lines": 0, "excluded_lines": 0, "percent_statements_covered": 100.0, "percent_statements_covered_display": "100"}, "missing_lines": [], "excluded_lines": [], "start_line": 1}}, "classes": {"": {"executed_lines": [10, 11, 14, 15, 16, 19, 20, 21, 22, 23, 24, 25, 26, 29, 30, 33, 34, 35, 36, 37, 38, 39, 42, 43, 46, 47, 48, 52, 53, 54, 55, 58, 71, 85, 86, 87, 90, 91, 92, 93, 101, 103], "summary": {"covered_lines": 42, "num_statements": 42, "percent_covered": 100.0, "percent_covered_display": "100", "missing_lines": 0, "excluded_lines": 0, "percent_statements_covered": 100.0, "percent_statements_covered_display": "100"}, "missing_lines": [], "excluded_lines": [], "start_line": 1}}}, "eosim/core/__init__.py": {"executed_lines": [3, 4, 5], "summary": {"covered_lines": 3, "num_statements": 3, "percent_covered": 100.0, "percent_covered_display": "100", "missing_lines": 0, "excluded_lines": 0, "percent_statements_covered": 100.0, "percent_statements_covered_display": "100"}, "missing_lines": [], "excluded_lines": [], "functions": {"": {"executed_lines": [3, 4, 5], "summary": {"covered_lines": 3, "num_statements": 3, "percent_covered": 100.0, "percent_covered_display": "100", "missing_lines": 0, "excluded_lines": 0, "percent_statements_covered": 100.0, "percent_statements_covered_display": "100"}, "missing_lines": [], "excluded_lines": [], "start_line": 1}}, "classes": {"": {"executed_lines": [3, 4, 5], "summary": {"covered_lines": 3, "num_statements": 3, "percent_covered": 100.0, "percent_covered_display": "100", "missing_lines": 0, "excluded_lines": 0, "percent_statements_covered": 100.0, "percent_statements_covered_display": "100"}, "missing_lines": [], "excluded_lines": [], "start_line": 1}}}, "eosim/core/cluster.py": {"executed_lines": [3, 5, 8, 9, 10, 11, 14, 15, 16, 17, 18, 20, 21, 22, 23, 24, 25, 26, 30, 36, 37, 38, 39, 40, 41, 42, 43, 45], "summary": {"covered_lines": 28, "num_statements": 29, "percent_covered": 96.55172413793103, "percent_covered_display": "97", "missing_lines": 1, "excluded_lines": 0, "percent_statements_covered": 96.55172413793103, "percent_statements_covered_display": "97"}, "missing_lines": [44], "excluded_lines": [], "functions": {"Cluster.from_yaml": {"executed_lines": [22, 23, 24, 25, 26, 30], "summary": {"covered_lines": 6, "num_statements": 6, "percent_covered": 100.0, "percent_covered_display": "100", "missing_lines": 0, "excluded_lines": 0, "percent_statements_covered": 100.0, "percent_statements_covered_display": "100"}, "missing_lines": [], "excluded_lines": [], "start_line": 21}, "Cluster.validate": {"executed_lines": [37, 38, 39, 40, 41, 42, 43, 45], "summary": {"covered_lines": 8, "num_statements": 9, "percent_covered": 88.88888888888889, "percent_covered_display": "89", "missing_lines": 1, "excluded_lines": 0, "percent_statements_covered": 88.88888888888889, "percent_statements_covered_display": "89"}, "missing_lines": [44], "excluded_lines": [], "start_line": 36}, "": {"executed_lines": [3, 5, 8, 9, 10, 11, 14, 15, 16, 17, 18, 20, 21, 36], "summary": {"covered_lines": 14, "num_statements": 14, "percent_covered": 100.0, "percent_covered_display": "100", "missing_lines": 0, "excluded_lines": 0, "percent_statements_covered": 100.0, "percent_statements_covered_display": "100"}, "missing_lines": [], "excluded_lines": [], "start_line": 1}}, "classes": {"ClusterNode": {"executed_lines": [], "summary": {"covered_lines": 0, "num_statements": 0, "percent_covered": 100.0, "percent_covered_display": "100", "missing_lines": 0, "excluded_lines": 0, "percent_statements_covered": 100.0, "percent_statements_covered_display": "100"}, "missing_lines": [], "excluded_lines": [], "start_line": 9}, "Cluster": {"executed_lines": [22, 23, 24, 25, 26, 30, 37, 38, 39, 40, 41, 42, 43, 45], "summary": {"covered_lines": 14, "num_statements": 15, "percent_covered": 93.33333333333333, "percent_covered_display": "93", "missing_lines": 1, "excluded_lines": 0, "percent_statements_covered": 93.33333333333333, "percent_statements_covered_display": "93"}, "missing_lines": [44], "excluded_lines": [], "start_line": 15}, "": {"executed_lines": [3, 5, 8, 9, 10, 11, 14, 15, 16, 17, 18, 20, 21, 36], "summary": {"covered_lines": 14, "num_statements": 14, "percent_covered": 100.0, "percent_covered_display": "100", "missing_lines": 0, "excluded_lines": 0, "percent_statements_covered": 100.0, "percent_statements_covered_display": "100"}, "missing_lines": [], "excluded_lines": [], "start_line": 1}}}, "eosim/core/domains.py": {"executed_lines": [3, 4, 7, 8, 9, 10, 11, 12, 13, 14, 15, 16, 19, 427, 428, 431, 432, 435, 436, 437, 439, 440, 444], "summary": {"covered_lines": 23, "num_statements": 25, "percent_covered": 92.0, "percent_covered_display": "92", "missing_lines": 2, "excluded_lines": 0, "percent_statements_covered": 92.0, "percent_statements_covered_display": "92"}, "missing_lines": [438, 441], "excluded_lines": [], "functions": {"list_domains": {"executed_lines": [428], "summary": {"covered_lines": 1, "num_statements": 1, "percent_covered": 100.0, "percent_covered_display": "100", "missing_lines": 0, "excluded_lines": 0, "percent_statements_covered": 100.0, "percent_statements_covered_display": "100"}, "missing_lines": [], "excluded_lines": [], "start_line": 427}, "get_domain": {"executed_lines": [432], "summary": {"covered_lines": 1, "num_statements": 1, "percent_covered": 100.0, "percent_covered_display": "100", "missing_lines": 0, "excluded_lines": 0, "percent_statements_covered": 100.0, "percent_statements_covered_display": "100"}, "missing_lines": [], "excluded_lines": [], "start_line": 431}, "suggest_platforms": {"executed_lines": [436, 437, 439, 440, 444], "summary": {"covered_lines": 5, "num_statements": 7, "percent_covered": 71.42857142857143, "percent_covered_display": "71", "missing_lines": 2, "excluded_lines": 0, "percent_statements_covered": 71.42857142857143, "percent_statements_covered_display": "71"}, "missing_lines": [438, 441], "excluded_lines": [], "start_line": 435}, "": {"executed_lines": [3, 4, 7, 8, 9, 10, 11, 12, 13, 14, 15, 16, 19, 427, 431, 435], "summary": {"covered_lines": 16, "num_statements": 16, "percent_covered": 100.0, "percent_covered_display": "100", "missing_lines": 0, "excluded_lines": 0, "percent_statements_covered": 100.0, "percent_statements_covered_display": "100"}, "missing_lines": [], "excluded_lines": [], "start_line": 1}}, "classes": {"DomainProfile": {"executed_lines": [], "summary": {"covered_lines": 0, "num_statements": 0, "percent_covered": 100.0, "percent_covered_display": "100", "missing_lines": 0, "excluded_lines": 0, "percent_statements_covered": 100.0, "percent_statements_covered_display": "100"}, "missing_lines": [], "excluded_lines": [], "start_line": 8}, "": {"executed_lines": [3, 4, 7, 8, 9, 10, 11, 12, 13, 14, 15, 16, 19, 427, 428, 431, 432, 435, 436, 437, 439, 440, 444], "summary": {"covered_lines": 23, "num_statements": 25, "percent_covered": 92.0, "percent_covered_display": "92", "missing_lines": 2, "excluded_lines": 0, "percent_statements_covered": 92.0, "percent_statements_covered_display": "92"}, "missing_lines": [438, 441], "excluded_lines": [], "start_line": 1}}}, "eosim/core/host.py": {"executed_lines": [3, 4, 5, 6, 7, 8, 11, 12, 13, 14, 15, 17, 18, 19, 20, 22, 24, 25, 26, 32, 33, 40, 41, 42, 43, 45, 46, 48, 49], "summary": {"covered_lines": 29, "num_statements": 31, "percent_covered": 93.54838709677419, "percent_covered_display": "94", "missing_lines": 2, "excluded_lines": 0, "percent_statements_covered": 93.54838709677419, "percent_statements_covered_display": "94"}, "missing_lines": [21, 23], "excluded_lines": [], "functions": {"HostEnvironment.detect": {"executed_lines": [19, 20, 22, 24, 25, 26], "summary": {"covered_lines": 6, "num_statements": 8, "percent_covered": 75.0, "percent_covered_display": "75", "missing_lines": 2, "excluded_lines": 0, "percent_statements_covered": 75.0, "percent_statements_covered_display": "75"}, "missing_lines": [21, 23], "excluded_lines": [], "start_line": 18}, "HostEnvironment.platform_info": {"executed_lines": [33], "summary": {"covered_lines": 1, "num_statements": 1, "percent_covered": 100.0, "percent_covered_di
[...]
32, 33, 34, 36, 37, 38, 39, 42, 43, 45, 48, 49, 50, 60, 73, 74, 75, 76, 77, 78, 88, 89, 90, 92, 93], "summary": {"covered_lines": 44, "num_statements": 73, "percent_covered": 60.273972602739725, "percent_covered_display": "60", "missing_lines": 29, "excluded_lines": 0, "percent_statements_covered": 60.273972602739725, "percent_statements_covered_display": "60"}, "missing_lines": [40, 41, 46, 51, 52, 53, 54, 55, 56, 57, 58, 62, 63, 64, 65, 66, 67, 69, 70, 71, 79, 80, 81, 82, 83, 84, 85, 86, 87], "excluded_lines": [], "functions": {"XPlaneConnection.__init__": {"executed_lines": [19, 20, 21, 22, 23], "summary": {"covered_lines": 5, "num_statements": 5, "percent_covered": 100.0, "percent_covered_display": "100", "missing_lines": 0, "excluded_lines": 0, "percent_statements_covered": 100.0, "percent_statements_covered_display": "100"}, "missing_lines": [], "excluded_lines": [], "start_line": 18}, "XPlaneConnection.connect": {"executed_lines": [26, 27, 28, 29, 30, 31, 32, 33, 34], "summary": {"covered_lines": 9, "num_statements": 9, "percent_covered": 100.0, "percent_covered_display": "100", "missing_lines": 0, "excluded_lines": 0, "percent_statements_covered": 100.0, "percent_statements_covered_display": "100"}, "missing_lines": [], "excluded_lines": [], "start_line": 25}, "XPlaneConnection.disconnect": {"executed_lines": [37, 38, 39, 42, 43], "summary": {"covered_lines": 5, "num_statements": 7, "percent_covered": 71.42857142857143, "percent_covered_display": "71", "missing_lines": 2, "excluded_lines": 0, "percent_statements_covered": 71.42857142857143, "percent_statements_covered_display": "71"}, "missing_lines": [40, 41], "excluded_lines": [], "start_line": 36}, "XPlaneConnection.get_dataref": {"executed_lines": [], "summary": {"covered_lines": 0, "num_statements": 1, "percent_covered": 0.0, "percent_covered_display": "0", "missing_lines": 1, "excluded_lines": 0, "percent_statements_covered": 0.0, "percent_statements_covered_display": "0"}, "missing_lines": [46], "excluded_lines": [], "start_line": 45}, "XPlaneConnection.set_dataref": {"executed_lines": [49, 50], "summary": {"covered_lines": 2, "num_statements": 10, "percent_covered": 20.0, "percent_covered_display": "20", "missing_lines": 8, "excluded_lines": 0, "percent_statements_covered": 20.0, "percent_statements_covered_display": "20"}, "missing_lines": [51, 52, 53, 54, 55, 56, 57, 58], "excluded_lines": [], "start_line": 48}, "XPlaneConnection.set_position": {"executed_lines": [], "summary": {"covered_lines": 0, "num_statements": 9, "percent_covered": 0.0, "percent_covered_display": "0", "missing_lines": 9, "excluded_lines": 0, "percent_statements_covered": 0.0, "percent_statements_covered_display": "0"}, "missing_lines": [62, 63, 64, 65, 66, 67, 69, 70, 71], "excluded_lines": [], "start_line": 60}, "XPlaneConnection.receive_data": {"executed_lines": [74, 75, 76, 77, 78, 88, 89, 90], "summary": {"covered_lines": 8, "num_statements": 17, "percent_covered": 47.05882352941177, "percent_covered_display": "47", "missing_lines": 9, "excluded_lines": 0, "percent_statements_covered": 47.05882352941177, "percent_statements_covered_display": "47"}, "missing_lines": [79, 80, 81, 82, 83, 84, 85, 86, 87], "excluded_lines": [], "start_line": 73}, "XPlaneConnection.get_status": {"executed_lines": [93], "summary": {"covered_lines": 1, "num_statements": 1, "percent_covered": 100.0, "percent_covered_display": "100", "missing_lines": 0, "excluded_lines": 0, "percent_statements_covered": 100.0, "percent_statements_covered_display": "100"}, "missing_lines": [], "excluded_lines": [], "start_line": 92}, "": {"executed_lines": [4, 5, 6, 9, 15, 16, 18, 25, 36, 45, 48, 60, 73, 92], "summary": {"covered_lines": 14, "num_statements": 14, "percent_covered": 100.0, "percent_covered_display": "100", "missing_lines": 0, "excluded_lines": 0, "percent_statements_covered": 100.0, "percent_statements_covered_display": "100"}, "missing_lines": [], "excluded_lines": [], "start_line": 1}}, "classes": {"XPlaneConnection": {"executed_lines": [19, 20, 21, 22, 23, 26, 27, 28, 29, 30, 31, 32, 33, 34, 37, 38, 39, 42, 43, 49, 50, 74, 75, 76, 77, 78, 88, 89, 90, 93], "summary": {"covered_lines": 30, "num_statements": 59, "percent_covered": 50.847457627118644, "percent_covered_display": "51", "missing_lines": 29, "excluded_lines": 0, "percent_statements_covered": 50.847457627118644, "percent_statements_covered_display": "51"}, "missing_lines": [40, 41, 46, 51, 52, 53, 54, 55, 56, 57, 58, 62, 63, 64, 65, 66, 67, 69, 70, 71, 79, 80, 81, 82, 83, 84, 85, 86, 87], "excluded_lines": [], "start_line": 9}, "": {"executed_lines": [4, 5, 6, 9, 15, 16, 18, 25, 36, 45, 48, 60, 73, 92], "summary": {"covered_lines": 14, "num_statements": 14, "percent_covered": 100.0, "percent_covered_display": "100", "missing_lines": 0, "excluded_lines": 0, "percent_statements_covered": 100.0, "percent_statements_covered_display": "100"}, "missing_lines": [], "excluded_lines": [], "start_line": 1}}}, "eosim/network/__init__.py": {"executed_lines": [], "summary": {"covered_lines": 0, "num_statements": 0, "percent_covered": 100.0, "percent_covered_display": "100", "missing_lines": 0, "excluded_lines": 0, "percent_statements_covered": 100.0, "percent_statements_covered_display": "100"}, "missing_lines": [], "excluded_lines": [], "functions": {"": {"executed_lines": [], "summary": {"covered_lines": 0, "num_statements": 0, "percent_covered": 100.0, "percent_covered_display": "100", "missing_lines": 0, "excluded_lines": 0, "percent_statements_covered": 100.0, "percent_statements_covered_display": "100"}, "missing_lines": [], "excluded_lines": [], "start_line": 1}}, "classes": {"": {"executed_lines": [], "summary": {"covered_lines": 0, "num_statements": 0, "percent_covered": 100.0, "percent_covered_display": "100", "missing_lines": 0, "excluded_lines": 0, "percent_statements_covered": 100.0, "percent_statements_covered_display": "100"}, "missing_lines": [], "excluded_lines": [], "start_line": 1}}}, "eosim/network/topology.py": {"executed_lines": [6, 9, 10, 11, 12, 13, 14, 15, 18, 21, 22, 23, 25, 26, 28, 29, 33, 34, 35, 36, 38, 39, 40, 41, 42, 44, 45], "summary": {"covered_lines": 27, "num_statements": 27, "percent_covered": 100.0, "percent_covered_display": "100", "missing_lines": 0, "excluded_lines": 0, "percent_statements_covered": 100.0, "percent_statements_covered_display": "100"}, "missing_lines": [], "excluded_lines": [], "functions": {"NetworkNode.__init__": {"executed_lines": [10, 11, 12, 13, 14, 15], "summary": {"covered_lines": 6, "num_statements": 6, "percent_covered": 100.0, "percent_covered_display": "100", "missing_lines": 0, "excluded_lines": 0, "percent_statements_covered": 100.0, "percent_statements_covered_display": "100"}, "missing_lines": [], "excluded_lines": [], "start_line": 9}, "NetworkTopology.__init__": {"executed_lines": [22, 23], "summary": {"covered_lines": 2, "num_statements": 2, "percent_covered": 100.0, "percent_covered_display": "100", "missing_lines": 0, "excluded_lines": 0, "percent_statements_covered": 100.0, "percent_statements_covered_display": "100"}, "missing_lines": [], "excluded_lines": [], "start_line": 21}, "NetworkTopology.add_node": {"executed_lines": [26], "summary": {"covered_lines": 1, "num_statements": 1, "percent_covered": 100.0, "percent_covered_display": "100", "missing_lines": 0, "excluded_lines": 0, "percent_statements_covered": 100.0, "percent_statements_covered_display": "100"}, "missing_lines": [], "excluded_lines": [], "start_line": 25}, "NetworkTopology.add_link": {"executed_lines": [29, 33, 34, 35, 36], "summary": {"covered_lines": 5, "num_statements": 5, "percent_covered": 100.0, "percent_covered_display": "100", "missing_lines": 0, "excluded_lines": 0, "percent_statements_covered": 100.0, "percent_statements_covered_display": "100"}, "missing_lines": [], "excluded_lines": [], "start_line": 28}, "NetworkTopology.send_packet": {"executed_lines": [39, 40, 41, 42], "summary": {"covered_lines": 4, "num_statements": 4, "percent_covered": 100.0, "percent_covered_display": "100", "missing_lines": 0, "excluded_lines": 0, "percent_statements_covered": 100.0, "percent_statements_covered_display": "100"}, "missing_lines": [], "excluded_lines": [], "start_line": 38}, "NetworkTopology.get_topology": {"executed_lines": [45], "summary": {"covered_lines": 1, "num_statements": 1, "percent_covered": 100.0, "percent_covered_display": "100", "missing_lines": 0, "excluded_lines": 0, "percent_statements_covered": 100.0, "percent_statements_covered_display": "100"}, "missing_lines": [], "excluded_lines": [], "start_line": 44}, "": {"executed_lines": [6, 9, 18, 21, 25, 28, 38, 44], "summary": {"covered_lines": 8, "num_statements": 8, "percent_covered": 100.0, "percent_covered_display": "100", "missing_lines": 0, "excluded_lines": 0, "percent_statements_covered": 100.0, "percent_statements_covered_display": "100"}, "missing_lines": [], "excluded_lines": [], "start_line": 1}}, "classes": {"NetworkNode": {"executed_lines": [10, 11, 12, 13, 14, 15], "summary": {"covered_lines": 6, "num_statements": 6, "percent_covered": 100.0, "percent_covered_display": "100", "missing_lines": 0, "excluded_lines": 0, "percent_statements_covered": 100.0, "percent_statements_covered_display": "100"}, "missing_lines": [], "excluded_lines": [], "start_line": 6}, "NetworkTopology": {"executed_lines": [22, 23, 26, 29, 33, 34, 35, 36, 39, 40, 41, 42, 45], "summary": {"covered_lines": 13, "num_statements": 13, "percent_covered": 100.0, "percent_covered_display": "100", "missing_lines": 0, "excluded_lines": 0, "percent_statements_covered": 100.0, "percent_statements_covered_display": "100"}, "missing_lines": [], "excluded_lines": [], "start_line": 18}, "": {"executed_lines": [6, 9, 18, 21, 25, 28, 38, 44], "summary": {"covered_lines": 8, "num_statements": 8, "percent_covered": 100.0, "percent_covered_display": "100", "missing_lines": 0, "excluded_lines": 0, "percent_statements_covered": 100.0, "percent_statements_covered_display": "100"}, "missing_lines": [], "excluded_lines": [], "start_line": 1}}}, "eosim/platforms/__init__.py": {"executed_lines": [], "summary": {"covered_lines": 0, "num_statements": 1, "percent_covered": 0.0, "percent_covered_display": "0", "missing_lines": 1, "excluded_lines": 0, "percent_statements_covered": 0.0, "percent_statements_covered_display": "0"}, "missing_lines": [3], "excluded_lines": [], "functions": {"": {"executed_lines": [], "summary": {"covered_lines": 0, "num_statements": 1, "percent_covered": 0.0, "percent_covered_display": "0", "missing_lines": 1, "excluded_lines": 0, "percent_statements_covered": 0.0, "percent_statements_covered_display": "0"}, "missing_lines": [3], "excluded_lines": [], "start_line": 1}}, "classes": {"": {"executed_lines": [], "summary": {"covered_lines": 0, "num_statements": 1, "percent_covered": 0.0, "percent_covered_display": "0", "missing_lines": 1, "excluded_lines": 0, "percent_statements_covered": 0.0, "percent_statements_covered_display": "0"}, "missing_lines": [3], "excluded_lines": [], "start_line": 1}}}, "eosim/plugins/__init__.py": {"executed_lines": [], "summary": {"covered_lines": 0, "num_statements": 0, "percent_covered": 100.0, "percent_covered_display": "100", "missing_lines": 0, "excluded_lines": 0, "percent_statements_covered": 100.0, "percent_statements_covered_display": "100"}, "missing_lines": [], "excluded_lines": [], "functions": {"": {"executed_lines": [], "summary": {"covered_lines": 0, "num_statements": 0, "percent_covered": 100.0, "percent_covered_display": "100", "missing_lines": 0, "excluded_lines": 0, "percent_statements_covered": 100.0, "percent_statements_covered_display": "100"}, "missing_lines": [], "excluded_lines": [], "start_line": 1}}, "classes": {"": {"executed_lines": [], "summary": {"covered_lines": 0, "num_statements": 0, "percent_covered": 100.0, "percent_covered_display": "100", "missing_lines": 0, "excluded_lines": 0, "percent_statements_covered": 100.0, "percent_statements_covered_display": "100"}, "missing_lines": [], "excluded_lines": [], "start_line": 1}}}, "eosim/plugins/base.py": {"executed_lines": [4, 7, 10, 11, 12, 14, 15, 16, 18, 19, 23, 25, 27, 29, 31, 33, 35, 36], "summary": {"covered_lines": 18, "num_statements": 19, "percent_covered": 94.73684210526316, "percent_covered_display": "95", "missing_lines": 1, "excluded_lines": 0, "percent_statements_covered": 94.73684210526316, "percent_statements_covered_display": "95"}, "missing_lines": [21], "excluded_lines": [], "functions": {"PluginBase.__init__": {"executed_lines": [15, 16], "summary": {"covered_lines": 2, "num_statements": 2, "percent_covered": 100.0, "percent_covered_display": "100", "missing_lines": 0, "excluded_lines": 0, "percent_statements_covered": 100.0, "percent_statements_covered_display": "100"}, "missing_lines": [], "excluded_lines": [], "start_line": 14}, "PluginBase.on_load": {"executed_lines": [], "summary": {"covered_lines": 0, "num_statements": 1, "percent_covered": 0.0, "percent_covered_display": "0", "missing_lines": 1, "excluded_lines": 0, "percent_statements_covered": 0.0, "percent_statements_covered_display": "0"}, "missing_lines": [21], "excluded_lines": [], "start_line": 19}, "PluginBase.on_unload": {"executed_lines": [25], "summary": {"covered_lines": 1, "num_statements": 1, "percent_covered": 100.0, "percent_covered_display": "100", "missing_lines": 0, "excluded_lines": 0, "percent_statements_covered": 100.0, "percent_statements_covered_display": "100"}, "missing_lines": [], "excluded_lines": [], "start_line": 23}, "PluginBase.on_tick": {"executed_lines": [29], "summary": {"covered_lines": 1, "num_statements": 1, "percent_covered": 100.0, "percent_covered_display": "100", "missing_lines": 0, "excluded_lines": 0, "percent_statements_covered": 100.0, "percent_statements_covered_display": "100"}, "missing_lines": [], "excluded_lines": [], "start_line": 27}, "PluginBase.on_scenario_load": {"executed_lines": [33], "summary": {"covered_lines": 1, "num_statements": 1, "percent_covered": 100.0, "percent_covered_display": "100", "missing_lines": 0, "excluded_lines": 0, "percent_statements_covered": 100.0, "percent_statements_covered_display": "100"}, "missing_lines": [], "excluded_lines": [], "start_line": 31}, "PluginBase.get_info": {"executed_lines": [36], "summary": {"covered_lines": 1, "num_statements": 1, "percent_covered": 100.0, "percent_covered_display": "100", "missing_lines": 0, "excluded_lines": 0, "percent_statements_covered": 100.0, "percent_statements_covered_display": "100"}, "missing_lines": [], "excluded_lines": [], "start_line": 35}, "": {"executed_lines": [4, 7, 10, 11, 12, 14, 18, 19, 23, 27, 31, 35], "summary": {"covered_lines": 12, "num_statements": 12, "percent_covered": 100.0, "percent_covered_display": "100", "missing_lines": 0, "excluded_lines": 0, "percent_statements_covered": 100.0, "percent_statements_covered_display": "100"}, "missing_lines": [], "excluded_lines": [], "start_line": 1}}, "classes": {"PluginBase": {"executed_lines": [15, 16, 25, 29, 33, 36], "summary": {"covered_lines": 6, "num_statements": 7, "percent_covered": 85.71428571428571, "percent_covered_display": "86", "missing_lines": 1, "excluded_lines": 0, "percent_statements_covered": 85.71428571428571, "percent_statements_covered_display": "86"}, "missing_lines": [21], "excluded_lines": [], "start_line": 7}, "": {"executed_lines": [4, 7, 10, 11, 12, 14, 18, 19, 23, 27, 31, 35], "summary": {"covered_lines": 12, "num_statements": 12, "percent_covered": 100.0, "percent_covered_display": "100", "missing_lines": 0, "excluded_lines": 0, "percent_statements_covered": 100.0, "percent_statements_covered_display": "100"}, "missing_lines": [], "excluded_lines": [], "start_line": 1}}}, "eosim/plugins/loader.py": {"executed_lines": [4, 5, 6, 8, 10, 13, 16, 17, 18, 20, 22, 23, 25, 26, 27, 28, 29, 30, 31, 32, 33, 34, 35, 37, 38, 39, 43, 44, 45, 46, 50, 57, 58, 60, 61], "summary": {"covered_lines": 35, "num_statements": 45, "percent_covered": 77.77777777777777, "percent_covered_display": "78", "missing_lines": 10, "excluded_lines": 0, "percent_statements_covered": 77.77777777777777, "percent_statements_covered_display": "78"}, "missing_lines": [24, 40, 41, 47, 48, 51, 52, 53, 54, 55], "excluded_lines": [], "functions": {"PluginLoader.__init__": {"executed_lines": [17, 18], "summary": {"covered_lines": 2, "num_statements": 2, "percent_covered": 100.0, "percent_covered_display": "100", "missing_lines": 0, "excluded_lines": 0, "percent_statements_covered": 100.0, "percent_statements_covered_display": "100"}, "missing_lines": [], "excluded_lines": [], "start_line": 16}, "PluginLoader.discover": {"executed_lines": [22, 23, 25, 26, 27, 28, 29, 30, 31, 32, 33, 34, 35, 37, 38, 39], "summary": {"covered_lines": 16, "num_statements": 19, "percent_covered": 84.21052631578948, "percent_covered_display": "84", "missing_lines": 3, "excluded_lines": 0, "percent_statements_covered": 84.21052631578948, "percent_statements_covered_display": "84"}, "missing_lines": [24, 40, 41], "excluded_lines": [], "start_line": 20}, "PluginLoader.load_all": {"executed_lines": [44, 45, 46], "summary": {"covered_lines": 3, "num_statements": 5, "percent_covered": 60.0, "percent_covered_display": "60", "missing_lines": 2, "excluded_lines": 0, "percent_statements_covered": 60.0, "percent_statements_covered_display": "60"}, "missing_lines": [47, 48], "excluded_lines": [], "start_line": 43}, "PluginLoader.unload_all": {"executed_lines": [], "summary": {"covered_lines": 0, "num_statements": 5, "percent_covered": 0.0, "percent_covered_display": "0", "missing_lines": 5, "excluded_lines": 0, "percent_statements_covered": 0.0, "percent_statements_covered_display": "0"}, "missing_lines": [51, 52, 53, 54, 55], "excluded_lines": [], "start_line": 50}, "PluginLoader.get_plugin": {"executed_lines": [58], "summary": {"covered_lines": 1, "num_statements": 1, "percent_covered": 100.0, "percent_covered_display": "100", "missing_lines": 0, "excluded_lines": 0, "percent_statements_covered": 100.0, "percent_statements_covered_display": "100"}, "missing_lines": [], "excluded_lines": [], "start_line": 57}, "PluginLoader.list_plugins": {"executed_lines": [61], "summary": {"covered_lines": 1, "num_statements": 1, "percent_covered": 100.0, "percent_covered_display": "100", "missing_lines": 0, "excluded_lines": 0, "percent_statements_covered": 100.0, "percent_statements_covered_display": "100"}, "missing_lines": [], "excluded_lines": [], "start_line": 60}, "": {"executed_lines": [4, 5, 6, 8, 10, 13, 16, 20, 43, 50, 57, 60], "summary": {"covered_lines": 12, "num_statements": 12, "percent_covered": 100.0, "percent_covered_display": "100", "missing_lines": 0, "excluded_lines": 0, "percent_statements_covered": 100.0, "percent_statements_covered_display": "100"}, "missing_lines": [], "excluded_lines": [], "start_line": 1}}, "classes": {"PluginLoader": {"executed_lines": [17, 18, 22, 23, 25, 26, 27, 28, 29, 30, 31, 32, 33, 34, 35, 37, 38, 39, 44, 45, 46, 58, 61], "summary": {"covered_lines": 23, "num_statements": 33, "percent_covered": 69.6969696969697, "percent_covered_display": "70", "missing_lines": 10, "excluded_lines": 0, "percent_statements_covered": 69.6969696969697, "percent_statements_covered_display": "70"}, "missing_lines": [24, 40, 41, 47, 48, 51, 52, 53, 54, 55], "excluded_lines": [], "start_line": 13}, "": {"executed_lines": [4, 5, 6, 8, 10, 13, 16, 20, 43, 50, 57, 60], "summary": {"covered_lines": 12, "num_statements": 12, "percent_covered": 100.0, "percent_covered_display": "100", "missing_lines": 0, "excluded_lines": 0, "percent_statements_covered": 100.0, "percent_statements_covered_display": "100"}, "missing_lines": [], "excluded_lines": [], "start_line": 1}}}}, "totals": {"covered_lines": 8235, "num_statements": 10973, "percent_covered": 75.0478447097421, "percent_covered_display": "75", "missing_lines": 2738, "excluded_lines": 7, "percent_statements_covered": 75.0478447097421, "percent_statements_covered_display": "75"}}